#
# There is insufficient memory for the Java Runtime Environment to continue.
# Native memory allocation (malloc) failed to allocate 1588176 bytes. Error detail: Chunk::new
# Possible reasons:
#   The system is out of physical RAM or swap space
#   This process is running with CompressedOops enabled, and the Java Heap may be blocking the growth of the native heap
# Possible solutions:
#   Reduce memory load on the system
#   Increase physical memory or swap space
#   Check if swap backing store is full
#   Decrease Java heap size (-Xmx/-Xms)
#   Decrease number of Java threads
#   Decrease Java thread stack sizes (-Xss)
#   Set larger code cache with -XX:ReservedCodeCacheSize=
#   JVM is running with Unscaled Compressed Oops mode in which the Java heap is
#     placed in the first 4GB address space. The Java Heap base address is the
#     maximum limit for the native heap growth. Please use -XX:HeapBaseMinAddress
#     to set the Java Heap base and to place the Java Heap above 4GB virtual address.
# This output file may be truncated or incomplete.
#
#  Out of Memory Error (arena.cpp:168), pid=19408, tid=5904
#
# JRE version: OpenJDK Runtime Environment Temurin-21.0.11+10 (21.0.11+10) (build 21.0.11+10-LTS)
# Java VM: OpenJDK 64-Bit Server VM Temurin-21.0.11+10 (21.0.11+10-LTS, mixed mode, sharing, tiered, compressed oops, compressed class ptrs, parallel gc, windows-amd64)
# No core dump will be written. Minidumps are not enabled by default on client versions of Windows
#

---------------  S U M M A R Y ------------

Command Line: -Duser.timezone=UTC --add-modules=ALL-SYSTEM --add-opens=java.base/java.util=ALL-UNNAMED --add-opens=java.base/java.lang=ALL-UNNAMED --add-opens=java.base/sun.nio.fs=ALL-UNNAMED -Declipse.application=org.eclipse.jdt.ls.core.id1 -Dosgi.bundles.defaultStartLevel=4 -Declipse.product=org.eclipse.jdt.ls.core.product -Djava.import.generatesMetadataFilesAtProjectRoot=false -DDetectVMInstallationsJob.disabled=true -Dfile.encoding=utf8 -XX:+UseParallelGC -XX:GCTimeRatio=4 -XX:AdaptiveSizePolicyWeight=90 -Dsun.zip.disableMemoryMapping=true -Xmx2G -Xms100m -Xlog:disable -javaagent:c:\Users\sharanu malipatil\.vscode\extensions\redhat.java-1.55.0-win32-x64\lombok\lombok-1.18.39-4050.jar c:\Users\sharanu malipatil\.vscode\extensions\redhat.java-1.55.0-win32-x64\server\plugins\org.eclipse.equinox.launcher_1.7.200.v20260619-2039.jar -configuration c:\Users\sharanu malipatil\AppData\Roaming\Code\User\globalStorage\redhat.java\1.55.0\config_ss_win -data c:\Users\sharanu malipatil\AppData\Roaming\Code\User\workspaceStorage\481339e1c107559ff6ad87366b34b8b2\redhat.java\ss_ws --pipe=\\.\pipe\lsp-0171e71fbf00e7b02a47f3c73a47e190-sock

Host: 12th Gen Intel(R) Core(TM) i3-1215U, 8 cores, 7G,  Windows 11 , 64 bit Build 22621 (10.0.22621.5415)
Time: Tue Jul 14 23:32:03 2026 India Standard Time elapsed time: 183.861210 seconds (0d 0h 3m 3s)

---------------  T H R E A D  ---------------

Current thread (0x000002166254d8d0):  JavaThread "C2 CompilerThread0" daemon [_thread_in_native, id=5904, stack(0x000000eb59f00000,0x000000eb5a000000) (1024K)]


Current CompileTask:
C2:183861 9739   !   4       com.google.gson.internal.bind.ReflectiveTypeAdapterFactory$2::write (140 bytes)

Stack: [0x000000eb59f00000,0x000000eb5a000000]
Native frames: (J=compiled Java code, j=interpreted, Vv=VM code, C=native code)
V  [jvm.dll+0x6d7e19]
V  [jvm.dll+0x8b5096]
V  [jvm.dll+0x8b764e]
V  [jvm.dll+0x8b7d33]
V  [jvm.dll+0x284596]
V  [jvm.dll+0xc685d]
V  [jvm.dll+0xc6da1]
V  [jvm.dll+0x3bed31]
V  [jvm.dll+0x38b2b2]
V  [jvm.dll+0x38a6fa]
V  [jvm.dll+0x24c700]
V  [jvm.dll+0x24bce0]
V  [jvm.dll+0x1cb4ae]
V  [jvm.dll+0x25baad]
V  [jvm.dll+0x25a03a]
V  [jvm.dll+0x3f868e]
V  [jvm.dll+0x85fb0d]
V  [jvm.dll+0x6d664d]
C  [ucrtbase.dll+0x29333]
C  [KERNEL32.DLL+0x1259d]
C  [ntdll.dll+0x5af78]


---------------  P R O C E S S  ---------------

Threads class SMR info:
_java_thread_list=0x00000216746eb5c0, length=45, elements={
0x0000021649bc7940, 0x0000021662543fd0, 0x0000021662544b90, 0x00000216625473c0,
0x0000021662548340, 0x00000216625496d0, 0x000002166254b4a0, 0x000002166254d8d0,
0x000002166256f470, 0x00000216681efa90, 0x00000216682a7230, 0x000002166873c2d0,
0x00000216684ef140, 0x00000216684ef7b0, 0x0000021668f8f9f0, 0x0000021668ea86a0,
0x0000021669124100, 0x00000216690e68d0, 0x00000216690277b0, 0x0000021669028b60,
0x0000021669027e40, 0x00000216690256e0, 0x0000021669025d70, 0x00000216690284d0,
0x0000021669027120, 0x0000021669026400, 0x0000021669026a90, 0x000002166a363140,
0x000002166a3637d0, 0x000002166a363e60, 0x000002166a367970, 0x000002166a368000,
0x000002166a361d90, 0x000002166a361070, 0x000002166a364b80, 0x000002166a368690,
0x000002166a366c50, 0x000002166a365210, 0x000002166a365f30, 0x000002166a3644f0,
0x000002166a3658a0, 0x000002166a361700, 0x000002166a3665c0, 0x000002166a362420,
0x000002166a362ab0
}

Java Threads: ( => current thread )
  0x0000021649bc7940 JavaThread "main"                              [_thread_blocked, id=1244, stack(0x000000eb59500000,0x000000eb59600000) (1024K)]
  0x0000021662543fd0 JavaThread "Reference Handler"          daemon [_thread_blocked, id=20628, stack(0x000000eb59900000,0x000000eb59a00000) (1024K)]
  0x0000021662544b90 JavaThread "Finalizer"                  daemon [_thread_blocked, id=22952, stack(0x000000eb59a00000,0x000000eb59b00000) (1024K)]
  0x00000216625473c0 JavaThread "Signal Dispatcher"          daemon [_thread_blocked, id=21480, stack(0x000000eb59b00000,0x000000eb59c00000) (1024K)]
  0x0000021662548340 JavaThread "Attach Listener"            daemon [_thread_blocked, id=16900, stack(0x000000eb59c00000,0x000000eb59d00000) (1024K)]
  0x00000216625496d0 JavaThread "Service Thread"             daemon [_thread_blocked, id=1664, stack(0x000000eb59d00000,0x000000eb59e00000) (1024K)]
  0x000002166254b4a0 JavaThread "Monitor Deflation Thread"   daemon [_thread_blocked, id=1488, stack(0x000000eb59e00000,0x000000eb59f00000) (1024K)]
=>0x000002166254d8d0 JavaThread "C2 CompilerThread0"         daemon [_thread_in_native, id=5904, stack(0x000000eb59f00000,0x000000eb5a000000) (1024K)]
  0x000002166256f470 JavaThread "C1 CompilerThread0"         daemon [_thread_blocked, id=12840, stack(0x000000eb5a000000,0x000000eb5a100000) (1024K)]
  0x00000216681efa90 JavaThread "Common-Cleaner"             daemon [_thread_blocked, id=2052, stack(0x000000eb5a100000,0x000000eb5a200000) (1024K)]
  0x00000216682a7230 JavaThread "Notification Thread"        daemon [_thread_blocked, id=18232, stack(0x000000eb5a300000,0x000000eb5a400000) (1024K)]
  0x000002166873c2d0 JavaThread "Active Thread: Equinox Container: fb6bd49b-317e-40da-8445-ece501f6f772"        [_thread_blocked, id=22340, stack(0x000000eb5ab00000,0x000000eb5ac00000) (1024K)]
  0x00000216684ef140 JavaThread "Framework Event Dispatcher: Equinox Container: fb6bd49b-317e-40da-8445-ece501f6f772" daemon [_thread_blocked, id=9964, stack(0x000000eb5a400000,0x000000eb5a500000) (1024K)]
  0x00000216684ef7b0 JavaThread "Start Level: Equinox Container: fb6bd49b-317e-40da-8445-ece501f6f772" daemon [_thread_blocked, id=2124, stack(0x000000eb5ac00000,0x000000eb5ad00000) (1024K)]
  0x0000021668f8f9f0 JavaThread "SCR Component Actor"        daemon [_thread_blocked, id=16736, stack(0x000000eb5ae00000,0x000000eb5af00000) (1024K)]
  0x0000021668ea86a0 JavaThread "Worker-JM"                         [_thread_blocked, id=3196, stack(0x000000eb5af00000,0x000000eb5b000000) (1024K)]
  0x0000021669124100 JavaThread "JNA Cleaner"                daemon [_thread_blocked, id=13656, stack(0x000000eb5b000000,0x000000eb5b100000) (1024K)]
  0x00000216690e68d0 JavaThread "Worker-0"                          [_thread_blocked, id=4328, stack(0x000000eb5b100000,0x000000eb5b200000) (1024K)]
  0x00000216690277b0 JavaThread "Worker-1"                          [_thread_blocked, id=5512, stack(0x000000eb5b200000,0x000000eb5b300000) (1024K)]
  0x0000021669028b60 JavaThread "Thread-1"                   daemon [_thread_in_native, id=22588, stack(0x000000eb5b400000,0x000000eb5b500000) (1024K)]
  0x0000021669027e40 JavaThread "Thread-2"                   daemon [_thread_in_native, id=4972, stack(0x000000eb5b500000,0x000000eb5b600000) (1024K)]
  0x00000216690256e0 JavaThread "Thread-3"                   daemon [_thread_in_native, id=9472, stack(0x000000eb5b600000,0x000000eb5b700000) (1024K)]
  0x0000021669025d70 JavaThread "Thread-4"                   daemon [_thread_in_native, id=10992, stack(0x000000eb5b700000,0x000000eb5b800000) (1024K)]
  0x00000216690284d0 JavaThread "Thread-5"                   daemon [_thread_in_native, id=6748, stack(0x000000eb5b800000,0x000000eb5b900000) (1024K)]
  0x0000021669027120 JavaThread "Thread-6"                   daemon [_thread_in_native, id=18356, stack(0x000000eb5b900000,0x000000eb5ba00000) (1024K)]
  0x0000021669026400 JavaThread "Thread-7"                   daemon [_thread_in_native, id=2976, stack(0x000000eb5ba00000,0x000000eb5bb00000) (1024K)]
  0x0000021669026a90 JavaThread "Thread-8"                   daemon [_thread_in_native, id=17064, stack(0x000000eb5bb00000,0x000000eb5bc00000) (1024K)]
  0x000002166a363140 JavaThread "Thread-9"                   daemon [_thread_in_native, id=22972, stack(0x000000eb5bc00000,0x000000eb5bd00000) (1024K)]
  0x000002166a3637d0 JavaThread "pool-2-thread-1"                   [_thread_blocked, id=8936, stack(0x000000eb5bd00000,0x000000eb5be00000) (1024K)]
  0x000002166a363e60 JavaThread "Worker-2"                          [_thread_blocked, id=18684, stack(0x000000eb5be00000,0x000000eb5bf00000) (1024K)]
  0x000002166a367970 JavaThread "WorkspaceEventsHandler"            [_thread_blocked, id=15940, stack(0x000000eb5bf00000,0x000000eb5c000000) (1024K)]
  0x000002166a368000 JavaThread "pool-1-thread-1"                   [_thread_blocked, id=13828, stack(0x000000eb5c000000,0x000000eb5c100000) (1024K)]
  0x000002166a361d90 JavaThread "ForkJoinPool.commonPool-worker-1" daemon [_thread_blocked, id=15100, stack(0x000000eb5a200000,0x000000eb5a300000) (1024K)]
  0x000002166a361070 JavaThread "ForkJoinPool.commonPool-worker-2" daemon [_thread_blocked, id=9012, stack(0x000000eb5b300000,0x000000eb5b400000) (1024K)]
  0x000002166a364b80 JavaThread "ForkJoinPool.commonPool-worker-3" daemon [_thread_blocked, id=19980, stack(0x000000eb5c100000,0x000000eb5c200000) (1024K)]
  0x000002166a368690 JavaThread "ForkJoinPool.commonPool-worker-4" daemon [_thread_blocked, id=17676, stack(0x000000eb5c200000,0x000000eb5c300000) (1024K)]
  0x000002166a366c50 JavaThread "ForkJoinPool.commonPool-worker-5" daemon [_thread_blocked, id=22336, stack(0x000000eb5c300000,0x000000eb5c400000) (1024K)]
  0x000002166a365210 JavaThread "ForkJoinPool.commonPool-worker-6" daemon [_thread_blocked, id=8464, stack(0x000000eb5c400000,0x000000eb5c500000) (1024K)]
  0x000002166a365f30 JavaThread "Compiler Source File Reader" daemon [_thread_blocked, id=8760, stack(0x000000eb5c600000,0x000000eb5c700000) (1024K)]
  0x000002166a3644f0 JavaThread "Compiler Processing Task"   daemon [_thread_blocked, id=10988, stack(0x000000eb5c700000,0x000000eb5c800000) (1024K)]
  0x000002166a3658a0 JavaThread "Compiler Source File Reader" daemon [_thread_blocked, id=7664, stack(0x000000eb5c900000,0x000000eb5ca00000) (1024K)]
  0x000002166a361700 JavaThread "Compiler Source File Reader" daemon [_thread_blocked, id=16144, stack(0x000000eb5ca00000,0x000000eb5cb00000) (1024K)]
  0x000002166a3665c0 JavaThread "Compiler Source File Reader" daemon [_thread_blocked, id=15932, stack(0x000000eb5cb00000,0x000000eb5cc00000) (1024K)]
  0x000002166a362420 JavaThread "Compiler Source File Reader" daemon [_thread_blocked, id=13784, stack(0x000000eb5c800000,0x000000eb5c900000) (1024K)]
  0x000002166a362ab0 JavaThread "Compiler Source File Reader" daemon [_thread_blocked, id=10444, stack(0x000000eb5cc00000,0x000000eb5cd00000) (1024K)]
Total: 45

Other Threads:
  0x0000021649c64790 VMThread "VM Thread"                           [id=14628, stack(0x000000eb59800000,0x000000eb59900000) (1024K)]
  0x0000021649c34570 WatcherThread "VM Periodic Task Thread"        [id=3768, stack(0x000000eb59700000,0x000000eb59800000) (1024K)]
  0x0000021649be4d80 WorkerThread "GC Thread#0"                     [id=21652, stack(0x000000eb59600000,0x000000eb59700000) (1024K)]
  0x000002166878cb20 WorkerThread "GC Thread#1"                     [id=13572, stack(0x000000eb5a500000,0x000000eb5a600000) (1024K)]
  0x0000021668ac6450 WorkerThread "GC Thread#2"                     [id=14844, stack(0x000000eb5a600000,0x000000eb5a700000) (1024K)]
  0x0000021668ac6800 WorkerThread "GC Thread#3"                     [id=13452, stack(0x000000eb5a700000,0x000000eb5a800000) (1024K)]
  0x0000021668d8af40 WorkerThread "GC Thread#4"                     [id=11996, stack(0x000000eb5a800000,0x000000eb5a900000) (1024K)]
  0x0000021668d8b2f0 WorkerThread "GC Thread#5"                     [id=4556, stack(0x000000eb5a900000,0x000000eb5aa00000) (1024K)]
  0x00000216689a1400 WorkerThread "GC Thread#6"                     [id=15488, stack(0x000000eb5aa00000,0x000000eb5ab00000) (1024K)]
  0x0000021668f6ac60 WorkerThread "GC Thread#7"                     [id=6344, stack(0x000000eb5ad00000,0x000000eb5ae00000) (1024K)]
Total: 10

Threads with active compile tasks:
C2 CompilerThread0  184015 9739   !   4       com.google.gson.internal.bind.ReflectiveTypeAdapterFactory$2::write (140 bytes)
Total: 1

VM state: not at safepoint (normal execution)

VM Mutex/Monitor currently owned by a thread: None

Heap address: 0x0000000080000000, size: 2048 MB, Compressed Oops mode: 32-bit

CDS archive(s) mapped at: [0x0000021600000000-0x0000021600ba0000-0x0000021600ba0000), size 12189696, SharedBaseAddress: 0x0000021600000000, ArchiveRelocationMode: 1.
Compressed class space mapped at: 0x0000021601000000-0x0000021641000000, reserved size: 1073741824
Narrow klass base: 0x0000021600000000, Narrow klass shift: 0, Narrow klass range: 0x100000000

GC Precious Log:
 CardTable entry size: 512
 CPUs: 8 total, 8 available
 Memory: 7936M
 Large Page Support: Disabled
 NUMA Support: Disabled
 Compressed Oops: Enabled (32-bit)
 Alignments: Space 512K, Generation 512K, Heap 2M
 Heap Min Capacity: 100M
 Heap Initial Capacity: 100M
 Heap Max Capacity: 2G
 Pre-touch: Disabled
 Parallel Workers: 8

Heap:
 PSYoungGen      total 19968K, used 18209K [0x00000000d5580000, 0x00000000d6a80000, 0x0000000100000000)
  eden space 18944K, 91% used [0x00000000d5580000,0x00000000d66685f8,0x00000000d6800000)
  from space 1024K, 87% used [0x00000000d6880000,0x00000000d6960000,0x00000000d6980000)
  to   space 1024K, 0% used [0x00000000d6980000,0x00000000d6980000,0x00000000d6a80000)
 ParOldGen       total 68608K, used 41925K [0x0000000080000000, 0x0000000084300000, 0x00000000d5580000)
  object space 68608K, 61% used [0x0000000080000000,0x00000000828f16a0,0x0000000084300000)
 Metaspace       used 51185K, committed 52480K, reserved 1114112K
  class space    used 5084K, committed 5632K, reserved 1048576K

Card table byte_map: [0x000002165d890000,0x000002165dca0000] _byte_map_base: 0x000002165d490000

Marking Bits: (ParMarkBitMap*) 0x00007ffcad414460
 Begin Bits: [0x000002165df50000, 0x000002165ff50000)
 End Bits:   [0x000002165ff50000, 0x0000021661f50000)

Polling page: 0x000002164e680000

Metaspace:

Usage:
  Non-class:     45.02 MB used.
      Class:      4.97 MB used.
       Both:     49.99 MB used.

Virtual space:
  Non-class space:       64.00 MB reserved,      45.75 MB ( 71%) committed,  1 nodes.
      Class space:        1.00 GB reserved,       5.50 MB ( <1%) committed,  1 nodes.
             Both:        1.06 GB reserved,      51.25 MB (  5%) committed. 

Chunk freelists:
   Non-Class:  1.53 MB
       Class:  10.33 MB
        Both:  11.86 MB

MaxMetaspaceSize: unlimited
CompressedClassSpaceSize: 1.00 GB
Initial GC threshold: 21.00 MB
Current GC threshold: 58.38 MB
CDS: on
 - commit_granule_bytes: 65536.
 - commit_granule_words: 8192.
 - virtual_space_node_default_size: 8388608.
 - enlarge_chunks_in_place: 1.
 - use_allocation_guard: 0.


Internal statistics:

num_allocs_failed_limit: 6.
num_arena_births: 1236.
num_arena_deaths: 258.
num_vsnodes_births: 2.
num_vsnodes_deaths: 0.
num_space_committed: 820.
num_space_uncommitted: 0.
num_chunks_returned_to_freelist: 366.
num_chunks_taken_from_freelist: 3807.
num_chunk_merges: 149.
num_chunk_splits: 2222.
num_chunks_enlarged: 1216.
num_inconsistent_stats: 0.

CodeHeap 'non-profiled nmethods': size=120000Kb used=8477Kb max_used=8477Kb free=111522Kb
 bounds [0x0000021656170000, 0x00000216569c0000, 0x000002165d6a0000]
CodeHeap 'profiled nmethods': size=120000Kb used=23922Kb max_used=23922Kb free=96077Kb
 bounds [0x000002164e6a0000, 0x000002164fe00000, 0x0000021655bd0000]
CodeHeap 'non-nmethods': size=5760Kb used=1428Kb max_used=1515Kb free=4331Kb
 bounds [0x0000021655bd0000, 0x0000021655e40000, 0x0000021656170000]
CodeCache: size=245760Kb, used=33827Kb, max_used=33914Kb, free=211930Kb
 total_blobs=10074, nmethods=9340, adapters=637, full_count=0
Compilation: enabled, stopped_count=0, restarted_count=0

Compilation events (20 events):
Event: 183.783 Thread 0x000002166256f470 9746       3       org.eclipse.jdt.internal.core.PackageFragment::equals (56 bytes)
Event: 183.784 Thread 0x000002166256f470 nmethod 9746 0x000002164fdf4b90 code [0x000002164fdf4d80, 0x000002164fdf5420]
Event: 183.784 Thread 0x000002166256f470 9747       3       org.eclipse.jdt.internal.compiler.util.SimpleLookupTable::put (104 bytes)
Event: 183.784 Thread 0x000002166256f470 nmethod 9747 0x000002164fdf5590 code [0x000002164fdf57c0, 0x000002164fdf60c8]
Event: 183.788 Thread 0x000002166256f470 9748       3       org.eclipse.jdt.internal.compiler.ast.SingleNameReference::checkFieldAccess (315 bytes)
Event: 183.791 Thread 0x000002166256f470 nmethod 9748 0x000002164fdf6410 code [0x000002164fdf6800, 0x000002164fdf8a68]
Event: 183.792 Thread 0x000002166256f470 9749       3       org.eclipse.jdt.internal.compiler.ast.SingleNameReference::checkLocalStaticClassVariables (143 bytes)
Event: 183.794 Thread 0x000002166256f470 nmethod 9749 0x000002164fdf9390 code [0x000002164fdf9680, 0x000002164fdfaf88]
Event: 183.794 Thread 0x000002166256f470 9750       3       org.eclipse.jdt.internal.compiler.lookup.VariableBinding::constant (5 bytes)
Event: 183.794 Thread 0x000002166256f470 nmethod 9750 0x000002164fdfb510 code [0x000002164fdfb6c0, 0x000002164fdfb888]
Event: 183.794 Thread 0x000002166256f470 9751       3       org.eclipse.jdt.internal.compiler.lookup.FieldBinding::isOrEnclosedByPrivateType (32 bytes)
Event: 183.794 Thread 0x000002166256f470 nmethod 9751 0x000002164fdfb910 code [0x000002164fdfbae0, 0x000002164fdfbd20]
Event: 183.794 Thread 0x000002166256f470 9752       3       org.eclipse.jdt.core.dom.ASTNode::unsupportedBelow10 (24 bytes)
Event: 183.794 Thread 0x000002166256f470 nmethod 9752 0x000002164fdfbe10 code [0x000002164fdfbfc0, 0x000002164fdfc1d0]
Event: 183.795 Thread 0x000002166256f470 9753       1       org.eclipse.jdt.internal.compiler.lookup.MethodBinding::typeVariables (5 bytes)
Event: 183.795 Thread 0x000002166256f470 nmethod 9753 0x00000216569b7490 code [0x00000216569b7620, 0x00000216569b76e8]
Event: 183.795 Thread 0x000002166256f470 9754       3       org.eclipse.jdt.internal.compiler.lookup.ReferenceBinding::isNonSealed (15 bytes)
Event: 183.796 Thread 0x000002166256f470 nmethod 9754 0x000002164fdfc310 code [0x000002164fdfc4c0, 0x000002164fdfc638]
Event: 183.796 Thread 0x000002166256f470 9755       3       org.eclipse.jdt.internal.compiler.lookup.FieldBinding::getAccessFlags (9 bytes)
Event: 183.796 Thread 0x000002166256f470 nmethod 9755 0x000002164fdfc710 code [0x000002164fdfc8a0, 0x000002164fdfc9b0]

GC Heap History (20 events):
Event: 128.594 GC heap before
{Heap before GC invocations=34 (full 2):
 PSYoungGen      total 22528K, used 22516K [0x00000000d5580000, 0x00000000d7080000, 0x0000000100000000)
  eden space 20480K, 99% used [0x00000000d5580000,0x00000000d697e1a0,0x00000000d6980000)
  from space 2048K, 99% used [0x00000000d6980000,0x00000000d6b7efb8,0x00000000d6b80000)
  to   space 3584K, 0% used [0x00000000d6d00000,0x00000000d6d00000,0x00000000d7080000)
 ParOldGen       total 68608K, used 37374K [0x0000000080000000, 0x0000000084300000, 0x00000000d5580000)
  object space 68608K, 54% used [0x0000000080000000,0x000000008247fac8,0x0000000084300000)
 Metaspace       used 47816K, committed 49024K, reserved 1114112K
  class space    used 4748K, committed 5248K, reserved 1048576K
}
Event: 128.597 GC heap after
{Heap after GC invocations=34 (full 2):
 PSYoungGen      total 22528K, used 3581K [0x00000000d5580000, 0x00000000d7380000, 0x0000000100000000)
  eden space 18944K, 0% used [0x00000000d5580000,0x00000000d5580000,0x00000000d6800000)
  from space 3584K, 99% used [0x00000000d6d00000,0x00000000d707f5e8,0x00000000d7080000)
  to   space 5120K, 0% used [0x00000000d6800000,0x00000000d6800000,0x00000000d6d00000)
 ParOldGen       total 68608K, used 38496K [0x0000000080000000, 0x0000000084300000, 0x00000000d5580000)
  object space 68608K, 56% used [0x0000000080000000,0x0000000082598388,0x0000000084300000)
 Metaspace       used 47816K, committed 49024K, reserved 1114112K
  class space    used 4748K, committed 5248K, reserved 1048576K
}
Event: 128.699 GC heap before
{Heap before GC invocations=35 (full 2):
 PSYoungGen      total 22528K, used 21935K [0x00000000d5580000, 0x00000000d7380000, 0x0000000100000000)
  eden space 18944K, 96% used [0x00000000d5580000,0x00000000d676c618,0x00000000d6800000)
  from space 3584K, 99% used [0x00000000d6d00000,0x00000000d707f5e8,0x00000000d7080000)
  to   space 5120K, 0% used [0x00000000d6800000,0x00000000d6800000,0x00000000d6d00000)
 ParOldGen       total 68608K, used 38496K [0x0000000080000000, 0x0000000084300000, 0x00000000d5580000)
  object space 68608K, 56% used [0x0000000080000000,0x0000000082598388,0x0000000084300000)
 Metaspace       used 47849K, committed 49024K, reserved 1114112K
  class space    used 4748K, committed 5248K, reserved 1048576K
}
Event: 128.702 GC heap after
{Heap after GC invocations=35 (full 2):
 PSYoungGen      total 19456K, used 424K [0x00000000d5580000, 0x00000000d6d80000, 0x0000000100000000)
  eden space 18944K, 0% used [0x00000000d5580000,0x00000000d5580000,0x00000000d6800000)
  from space 512K, 83% used [0x00000000d6800000,0x00000000d686a3e8,0x00000000d6880000)
  to   space 2048K, 0% used [0x00000000d6b80000,0x00000000d6b80000,0x00000000d6d80000)
 ParOldGen       total 68608K, used 40140K [0x0000000080000000, 0x0000000084300000, 0x00000000d5580000)
  object space 68608K, 58% used [0x0000000080000000,0x0000000082733060,0x0000000084300000)
 Metaspace       used 47849K, committed 49024K, reserved 1114112K
  class space    used 4748K, committed 5248K, reserved 1048576K
}
Event: 128.806 GC heap before
{Heap before GC invocations=36 (full 2):
 PSYoungGen      total 19456K, used 19213K [0x00000000d5580000, 0x00000000d6d80000, 0x0000000100000000)
  eden space 18944K, 99% used [0x00000000d5580000,0x00000000d67d9038,0x00000000d6800000)
  from space 512K, 83% used [0x00000000d6800000,0x00000000d686a3e8,0x00000000d6880000)
  to   space 2048K, 0% used [0x00000000d6b80000,0x00000000d6b80000,0x00000000d6d80000)
 ParOldGen       total 68608K, used 40140K [0x0000000080000000, 0x0000000084300000, 0x00000000d5580000)
  object space 68608K, 58% used [0x0000000080000000,0x0000000082733060,0x0000000084300000)
 Metaspace       used 47896K, committed 49088K, reserved 1114112K
  class space    used 4748K, committed 5248K, reserved 1048576K
}
Event: 128.807 GC heap after
{Heap after GC invocations=36 (full 2):
 PSYoungGen      total 20992K, used 2034K [0x00000000d5580000, 0x00000000d6d80000, 0x0000000100000000)
  eden space 18944K, 0% used [0x00000000d5580000,0x00000000d5580000,0x00000000d6800000)
  from space 2048K, 99% used [0x00000000d6b80000,0x00000000d6d7c9e8,0x00000000d6d80000)
  to   space 2560K, 0% used [0x00000000d6880000,0x00000000d6880000,0x00000000d6b00000)
 ParOldGen       total 68608K, used 40290K [0x0000000080000000, 0x0000000084300000, 0x00000000d5580000)
  object space 68608K, 58% used [0x0000000080000000,0x0000000082758be8,0x0000000084300000)
 Metaspace       used 47896K, committed 49088K, reserved 1114112K
  class space    used 4748K, committed 5248K, reserved 1048576K
}
Event: 128.850 GC heap before
{Heap before GC invocations=37 (full 2):
 PSYoungGen      total 20992K, used 20978K [0x00000000d5580000, 0x00000000d6d80000, 0x0000000100000000)
  eden space 18944K, 100% used [0x00000000d5580000,0x00000000d6800000,0x00000000d6800000)
  from space 2048K, 99% used [0x00000000d6b80000,0x00000000d6d7c9e8,0x00000000d6d80000)
  to   space 2560K, 0% used [0x00000000d6880000,0x00000000d6880000,0x00000000d6b00000)
 ParOldGen       total 68608K, used 40290K [0x0000000080000000, 0x0000000084300000, 0x00000000d5580000)
  object space 68608K, 58% used [0x0000000080000000,0x0000000082758be8,0x0000000084300000)
 Metaspace       used 47938K, committed 49152K, reserved 1114112K
  class space    used 4748K, committed 5248K, reserved 1048576K
}
Event: 128.852 GC heap after
{Heap after GC invocations=37 (full 2):
 PSYoungGen      total 19968K, used 991K [0x00000000d5580000, 0x00000000d6c00000, 0x0000000100000000)
  eden space 18944K, 0% used [0x00000000d5580000,0x00000000d5580000,0x00000000d6800000)
  from space 1024K, 96% used [0x00000000d6880000,0x00000000d6977ed8,0x00000000d6980000)
  to   space 1536K, 0% used [0x00000000d6a80000,0x00000000d6a80000,0x00000000d6c00000)
 ParOldGen       total 68608K, used 40492K [0x0000000080000000, 0x0000000084300000, 0x00000000d5580000)
  object space 68608K, 59% used [0x0000000080000000,0x000000008278b008,0x0000000084300000)
 Metaspace       used 47938K, committed 49152K, reserved 1114112K
  class space    used 4748K, committed 5248K, reserved 1048576K
}
Event: 128.924 GC heap before
{Heap before GC invocations=38 (full 2):
 PSYoungGen      total 19968K, used 19935K [0x00000000d5580000, 0x00000000d6c00000, 0x0000000100000000)
  eden space 18944K, 100% used [0x00000000d5580000,0x00000000d6800000,0x00000000d6800000)
  from space 1024K, 96% used [0x00000000d6880000,0x00000000d6977ed8,0x00000000d6980000)
  to   space 1536K, 0% used [0x00000000d6a80000,0x00000000d6a80000,0x00000000d6c00000)
 ParOldGen       total 68608K, used 40492K [0x0000000080000000, 0x0000000084300000, 0x00000000d5580000)
  object space 68608K, 59% used [0x0000000080000000,0x000000008278b008,0x0000000084300000)
 Metaspace       used 48173K, committed 49408K, reserved 1114112K
  class space    used 4775K, committed 5312K, reserved 1048576K
}
Event: 128.926 GC heap after
{Heap after GC invocations=38 (full 2):
 PSYoungGen      total 19968K, used 839K [0x00000000d5580000, 0x00000000d6b80000, 0x0000000100000000)
  eden space 18944K, 0% used [0x00000000d5580000,0x00000000d5580000,0x00000000d6800000)
  from space 1024K, 81% used [0x00000000d6a80000,0x00000000d6b51ca8,0x00000000d6b80000)
  to   space 1024K, 0% used [0x00000000d6880000,0x00000000d6880000,0x00000000d6980000)
 ParOldGen       total 68608K, used 40635K [0x0000000080000000, 0x0000000084300000, 0x00000000d5580000)
  object space 68608K, 59% used [0x0000000080000000,0x00000000827aeea8,0x0000000084300000)
 Metaspace       used 48173K, committed 49408K, reserved 1114112K
  class space    used 4775K, committed 5312K, reserved 1048576K
}
Event: 128.996 GC heap before
{Heap before GC invocations=39 (full 2):
 PSYoungGen      total 19968K, used 18437K [0x00000000d5580000, 0x00000000d6b80000, 0x0000000100000000)
  eden space 18944K, 92% used [0x00000000d5580000,0x00000000d66af878,0x00000000d6800000)
  from space 1024K, 81% used [0x00000000d6a80000,0x00000000d6b51ca8,0x00000000d6b80000)
  to   space 1024K, 0% used [0x00000000d6880000,0x00000000d6880000,0x00000000d6980000)
 ParOldGen       total 68608K, used 40635K [0x0000000080000000, 0x0000000084300000, 0x00000000d5580000)
  object space 68608K, 59% used [0x0000000080000000,0x00000000827aeea8,0x0000000084300000)
 Metaspace       used 48579K, committed 49792K, reserved 1114112K
  class space    used 4839K, committed 5376K, reserved 1048576K
}
Event: 128.997 GC heap after
{Heap after GC invocations=39 (full 2):
 PSYoungGen      total 19968K, used 479K [0x00000000d5580000, 0x00000000d6b00000, 0x0000000100000000)
  eden space 18944K, 0% used [0x00000000d5580000,0x00000000d5580000,0x00000000d6800000)
  from space 1024K, 46% used [0x00000000d6880000,0x00000000d68f7c48,0x00000000d6980000)
  to   space 1024K, 0% used [0x00000000d6a00000,0x00000000d6a00000,0x00000000d6b00000)
 ParOldGen       total 68608K, used 40816K [0x0000000080000000, 0x0000000084300000, 0x00000000d5580000)
  object space 68608K, 59% used [0x0000000080000000,0x00000000827dc278,0x0000000084300000)
 Metaspace       used 48579K, committed 49792K, reserved 1114112K
  class space    used 4839K, committed 5376K, reserved 1048576K
}
Event: 129.206 GC heap before
{Heap before GC invocations=40 (full 2):
 PSYoungGen      total 19968K, used 19423K [0x00000000d5580000, 0x00000000d6b00000, 0x0000000100000000)
  eden space 18944K, 100% used [0x00000000d5580000,0x00000000d6800000,0x00000000d6800000)
  from space 1024K, 46% used [0x00000000d6880000,0x00000000d68f7c48,0x00000000d6980000)
  to   space 1024K, 0% used [0x00000000d6a00000,0x00000000d6a00000,0x00000000d6b00000)
 ParOldGen       total 68608K, used 40816K [0x0000000080000000, 0x0000000084300000, 0x00000000d5580000)
  object space 68608K, 59% used [0x0000000080000000,0x00000000827dc278,0x0000000084300000)
 Metaspace       used 49837K, committed 51008K, reserved 1114112K
  class space    used 5018K, committed 5568K, reserved 1048576K
}
Event: 129.207 GC heap after
{Heap after GC invocations=40 (full 2):
 PSYoungGen      total 19456K, used 448K [0x00000000d5580000, 0x00000000d6a80000, 0x0000000100000000)
  eden space 18944K, 0% used [0x00000000d5580000,0x00000000d5580000,0x00000000d6800000)
  from space 512K, 87% used [0x00000000d6a00000,0x00000000d6a70000,0x00000000d6a80000)
  to   space 512K, 0% used [0x00000000d6980000,0x00000000d6980000,0x00000000d6a00000)
 ParOldGen       total 68608K, used 41104K [0x0000000080000000, 0x0000000084300000, 0x00000000d5580000)
  object space 68608K, 59% used [0x0000000080000000,0x00000000828243e0,0x0000000084300000)
 Metaspace       used 49837K, committed 51008K, reserved 1114112K
  class space    used 5018K, committed 5568K, reserved 1048576K
}
Event: 149.692 GC heap before
{Heap before GC invocations=41 (full 2):
 PSYoungGen      total 19456K, used 19392K [0x00000000d5580000, 0x00000000d6a80000, 0x0000000100000000)
  eden space 18944K, 100% used [0x00000000d5580000,0x00000000d6800000,0x00000000d6800000)
  from space 512K, 87% used [0x00000000d6a00000,0x00000000d6a70000,0x00000000d6a80000)
  to   space 512K, 0% used [0x00000000d6980000,0x00000000d6980000,0x00000000d6a00000)
 ParOldGen       total 68608K, used 41104K [0x0000000080000000, 0x0000000084300000, 0x00000000d5580000)
  object space 68608K, 59% used [0x0000000080000000,0x00000000828243e0,0x0000000084300000)
 Metaspace       used 50432K, committed 51712K, reserved 1114112K
  class space    used 5069K, committed 5632K, reserved 1048576K
}
Event: 149.694 GC heap after
{Heap after GC invocations=41 (full 2):
 PSYoungGen      total 19456K, used 480K [0x00000000d5580000, 0x00000000d6a80000, 0x0000000100000000)
  eden space 18944K, 0% used [0x00000000d5580000,0x00000000d5580000,0x00000000d6800000)
  from space 512K, 93% used [0x00000000d6980000,0x00000000d69f8020,0x00000000d6a00000)
  to   space 512K, 0% used [0x00000000d6a00000,0x00000000d6a00000,0x00000000d6a80000)
 ParOldGen       total 68608K, used 41441K [0x0000000080000000, 0x0000000084300000, 0x00000000d5580000)
  object space 68608K, 60% used [0x0000000080000000,0x00000000828787f0,0x0000000084300000)
 Metaspace       used 50432K, committed 51712K, reserved 1114112K
  class space    used 5069K, committed 5632K, reserved 1048576K
}
Event: 159.851 GC heap before
{Heap before GC invocations=42 (full 2):
 PSYoungGen      total 19456K, used 19424K [0x00000000d5580000, 0x00000000d6a80000, 0x0000000100000000)
  eden space 18944K, 100% used [0x00000000d5580000,0x00000000d6800000,0x00000000d6800000)
  from space 512K, 93% used [0x00000000d6980000,0x00000000d69f8020,0x00000000d6a00000)
  to   space 512K, 0% used [0x00000000d6a00000,0x00000000d6a00000,0x00000000d6a80000)
 ParOldGen       total 68608K, used 41441K [0x0000000080000000, 0x0000000084300000, 0x00000000d5580000)
  object space 68608K, 60% used [0x0000000080000000,0x00000000828787f0,0x0000000084300000)
 Metaspace       used 50635K, committed 51840K, reserved 1114112K
  class space    used 5076K, committed 5632K, reserved 1048576K
}
Event: 159.855 GC heap after
{Heap after GC invocations=42 (full 2):
 PSYoungGen      total 19456K, used 384K [0x00000000d5580000, 0x00000000d6a80000, 0x0000000100000000)
  eden space 18944K, 0% used [0x00000000d5580000,0x00000000d5580000,0x00000000d6800000)
  from space 512K, 75% used [0x00000000d6a00000,0x00000000d6a60000,0x00000000d6a80000)
  to   space 1024K, 0% used [0x00000000d6880000,0x00000000d6880000,0x00000000d6980000)
 ParOldGen       total 68608K, used 41735K [0x0000000080000000, 0x0000000084300000, 0x00000000d5580000)
  object space 68608K, 60% used [0x0000000080000000,0x00000000828c1c80,0x0000000084300000)
 Metaspace       used 50635K, committed 51840K, reserved 1114112K
  class space    used 5076K, committed 5632K, reserved 1048576K
}
Event: 174.140 GC heap before
{Heap before GC invocations=43 (full 2):
 PSYoungGen      total 19456K, used 19328K [0x00000000d5580000, 0x00000000d6a80000, 0x0000000100000000)
  eden space 18944K, 100% used [0x00000000d5580000,0x00000000d6800000,0x00000000d6800000)
  from space 512K, 75% used [0x00000000d6a00000,0x00000000d6a60000,0x00000000d6a80000)
  to   space 1024K, 0% used [0x00000000d6880000,0x00000000d6880000,0x00000000d6980000)
 ParOldGen       total 68608K, used 41735K [0x0000000080000000, 0x0000000084300000, 0x00000000d5580000)
  object space 68608K, 60% used [0x0000000080000000,0x00000000828c1c80,0x0000000084300000)
 Metaspace       used 50925K, committed 52224K, reserved 1114112K
  class space    used 5080K, committed 5632K, reserved 1048576K
}
Event: 174.143 GC heap after
{Heap after GC invocations=43 (full 2):
 PSYoungGen      total 19968K, used 896K [0x00000000d5580000, 0x00000000d6a80000, 0x0000000100000000)
  eden space 18944K, 0% used [0x00000000d5580000,0x00000000d5580000,0x00000000d6800000)
  from space 1024K, 87% used [0x00000000d6880000,0x00000000d6960000,0x00000000d6980000)
  to   space 1024K, 0% used [0x00000000d6980000,0x00000000d6980000,0x00000000d6a80000)
 ParOldGen       total 68608K, used 41925K [0x0000000080000000, 0x0000000084300000, 0x00000000d5580000)
  object space 68608K, 61% used [0x0000000080000000,0x00000000828f16a0,0x0000000084300000)
 Metaspace       used 50925K, committed 52224K, reserved 1114112K
  class space    used 5080K, committed 5632K, reserved 1048576K
}

Dll operation events (10 events):
Event: 0.010 Loaded shared library c:\Users\sharanu malipatil\.vscode\extensions\redhat.java-1.55.0-win32-x64\jre\21.0.11-win32-x86_64\bin\java.dll
Event: 0.084 Loaded shared library c:\Users\sharanu malipatil\.vscode\extensions\redhat.java-1.55.0-win32-x64\jre\21.0.11-win32-x86_64\bin\zip.dll
Event: 0.108 Loaded shared library C:\Users\sharanu malipatil\.vscode\extensions\redhat.java-1.55.0-win32-x64\jre\21.0.11-win32-x86_64\bin\instrument.dll
Event: 0.114 Loaded shared library C:\Users\sharanu malipatil\.vscode\extensions\redhat.java-1.55.0-win32-x64\jre\21.0.11-win32-x86_64\bin\net.dll
Event: 0.116 Loaded shared library C:\Users\sharanu malipatil\.vscode\extensions\redhat.java-1.55.0-win32-x64\jre\21.0.11-win32-x86_64\bin\nio.dll
Event: 0.119 Loaded shared library C:\Users\sharanu malipatil\.vscode\extensions\redhat.java-1.55.0-win32-x64\jre\21.0.11-win32-x86_64\bin\zip.dll
Event: 0.139 Loaded shared library C:\Users\sharanu malipatil\.vscode\extensions\redhat.java-1.55.0-win32-x64\jre\21.0.11-win32-x86_64\bin\jimage.dll
Event: 0.228 Loaded shared library c:\Users\sharanu malipatil\.vscode\extensions\redhat.java-1.55.0-win32-x64\jre\21.0.11-win32-x86_64\bin\verify.dll
Event: 2.076 Loaded shared library C:\Users\sharanu malipatil\AppData\Roaming\Code\User\globalStorage\redhat.java\1.55.0\config_ss_win\org.eclipse.equinox.launcher\org.eclipse.equinox.launcher.win32.win32.x86_64_1.3.100.v20260613-0559\eclipse_11924.dll
Event: 2.857 Loaded shared library C:\Users\sharanu malipatil\AppData\Local\Temp\jna-1279361495\jna1173838366680906494.dll

Deoptimization events (20 events):
Event: 183.764 Thread 0x000002166a365210 Uncommon trap: trap_request=0xffffff45 fr.pc=0x000002165626c67c relative=0x000000000000029c
Event: 183.764 Thread 0x000002166a365210 Uncommon trap: reason=unstable_if action=reinterpret pc=0x000002165626c67c method=java.util.concurrent.locks.ReentrantReadWriteLock$Sync.tryAcquireShared(I)I @ 105 c2
Event: 183.764 Thread 0x000002166a365210 DEOPT PACKING pc=0x000002165626c67c sp=0x000000eb5c4fe6a0
Event: 183.764 Thread 0x000002166a365210 DEOPT UNPACKING pc=0x0000021655c23aa2 sp=0x000000eb5c4fe5c8 mode 2
Event: 183.794 Thread 0x000002166a364b80 Uncommon trap: trap_request=0xffffffde fr.pc=0x00000216569b0720 relative=0x0000000000000080
Event: 183.794 Thread 0x000002166a364b80 Uncommon trap: reason=class_check action=maybe_recompile pc=0x00000216569b0720 method=java.util.AbstractList$Itr.hasNext()Z @ 8 c2
Event: 183.794 Thread 0x000002166a364b80 DEOPT PACKING pc=0x00000216569b0720 sp=0x000000eb5c1fe600
Event: 183.794 Thread 0x000002166a364b80 DEOPT UNPACKING pc=0x0000021655c23aa2 sp=0x000000eb5c1fe598 mode 2
Event: 183.794 Thread 0x000002166a364b80 Uncommon trap: trap_request=0xffffffde fr.pc=0x00000216569b0720 relative=0x0000000000000080
Event: 183.794 Thread 0x000002166a364b80 Uncommon trap: reason=class_check action=maybe_recompile pc=0x00000216569b0720 method=java.util.AbstractList$Itr.hasNext()Z @ 8 c2
Event: 183.794 Thread 0x000002166a364b80 DEOPT PACKING pc=0x00000216569b0720 sp=0x000000eb5c1fe600
Event: 183.794 Thread 0x000002166a364b80 DEOPT UNPACKING pc=0x0000021655c23aa2 sp=0x000000eb5c1fe598 mode 2
Event: 183.794 Thread 0x000002166a364b80 Uncommon trap: trap_request=0xffffffde fr.pc=0x00000216569b0720 relative=0x0000000000000080
Event: 183.794 Thread 0x000002166a364b80 Uncommon trap: reason=class_check action=maybe_recompile pc=0x00000216569b0720 method=java.util.AbstractList$Itr.hasNext()Z @ 8 c2
Event: 183.794 Thread 0x000002166a364b80 DEOPT PACKING pc=0x00000216569b0720 sp=0x000000eb5c1fe600
Event: 183.794 Thread 0x000002166a364b80 DEOPT UNPACKING pc=0x0000021655c23aa2 sp=0x000000eb5c1fe598 mode 2
Event: 183.794 Thread 0x000002166a364b80 Uncommon trap: trap_request=0xffffffde fr.pc=0x00000216569b0720 relative=0x0000000000000080
Event: 183.794 Thread 0x000002166a364b80 Uncommon trap: reason=class_check action=maybe_recompile pc=0x00000216569b0720 method=java.util.AbstractList$Itr.hasNext()Z @ 8 c2
Event: 183.794 Thread 0x000002166a364b80 DEOPT PACKING pc=0x00000216569b0720 sp=0x000000eb5c1fe600
Event: 183.794 Thread 0x000002166a364b80 DEOPT UNPACKING pc=0x0000021655c23aa2 sp=0x000000eb5c1fe598 mode 2

Classes loaded (20 events):
Event: 18.793 Loading class java/util/stream/DistinctOps$1$2
Event: 18.793 Loading class java/util/stream/DistinctOps$1$2 done
Event: 18.869 Loading class java/util/zip/CheckedInputStream
Event: 18.869 Loading class java/util/zip/CheckedInputStream done
Event: 18.917 Loading class java/nio/file/Files$2
Event: 18.917 Loading class java/nio/file/Files$2 done
Event: 18.921 Loading class java/util/concurrent/ArrayBlockingQueue
Event: 18.923 Loading class java/util/concurrent/ArrayBlockingQueue done
Event: 33.281 Loading class java/util/function/IntPredicate
Event: 33.282 Loading class java/util/function/IntPredicate done
Event: 33.301 Loading class java/util/regex/Pattern$Bound
Event: 33.301 Loading class java/util/regex/Pattern$Bound done
Event: 64.101 Loading class java/util/concurrent/ConcurrentHashMap$TreeNode
Event: 64.102 Loading class java/util/concurrent/ConcurrentHashMap$TreeNode done
Event: 64.103 Loading class java/util/concurrent/ConcurrentHashMap$TreeBin
Event: 64.104 Loading class java/util/concurrent/ConcurrentHashMap$TreeBin done
Event: 128.580 Loading class java/util/AbstractList$SubList
Event: 128.580 Loading class java/util/AbstractList$SubList done
Event: 128.580 Loading class java/util/AbstractList$SubList$1
Event: 128.581 Loading class java/util/AbstractList$SubList$1 done

Classes unloaded (20 events):
Event: 7.206 Thread 0x0000021649c64790 Unloading class 0x0000021601389c00 'java/lang/invoke/LambdaForm$MH+0x0000021601389c00'
Event: 7.206 Thread 0x0000021649c64790 Unloading class 0x0000021601389800 'java/lang/invoke/LambdaForm$MH+0x0000021601389800'
Event: 7.206 Thread 0x0000021649c64790 Unloading class 0x0000021601389000 'java/lang/invoke/LambdaForm$MH+0x0000021601389000'
Event: 7.206 Thread 0x0000021649c64790 Unloading class 0x0000021601389400 'java/lang/invoke/LambdaForm$MH+0x0000021601389400'
Event: 7.206 Thread 0x0000021649c64790 Unloading class 0x0000021601388c00 'java/lang/invoke/LambdaForm$MH+0x0000021601388c00'
Event: 7.206 Thread 0x0000021649c64790 Unloading class 0x0000021601388000 'java/lang/invoke/LambdaForm$MH+0x0000021601388000'
Event: 7.206 Thread 0x0000021649c64790 Unloading class 0x0000021601388400 'java/lang/invoke/LambdaForm$MH+0x0000021601388400'
Event: 7.206 Thread 0x0000021649c64790 Unloading class 0x0000021601387c00 'java/lang/invoke/LambdaForm$MH+0x0000021601387c00'
Event: 7.206 Thread 0x0000021649c64790 Unloading class 0x0000021601387800 'java/lang/invoke/LambdaForm$MH+0x0000021601387800'
Event: 7.206 Thread 0x0000021649c64790 Unloading class 0x0000021601387400 'java/lang/invoke/LambdaForm$MH+0x0000021601387400'
Event: 7.206 Thread 0x0000021649c64790 Unloading class 0x0000021601386c00 'java/lang/invoke/LambdaForm$MH+0x0000021601386c00'
Event: 7.206 Thread 0x0000021649c64790 Unloading class 0x0000021601386400 'java/lang/invoke/LambdaForm$MH+0x0000021601386400'
Event: 7.206 Thread 0x0000021649c64790 Unloading class 0x0000021601386800 'java/lang/invoke/LambdaForm$MH+0x0000021601386800'
Event: 7.206 Thread 0x0000021649c64790 Unloading class 0x0000021601386000 'java/lang/invoke/LambdaForm$MH+0x0000021601386000'
Event: 7.206 Thread 0x0000021649c64790 Unloading class 0x0000021601385c00 'java/lang/invoke/LambdaForm$MH+0x0000021601385c00'
Event: 7.206 Thread 0x0000021649c64790 Unloading class 0x0000021601385800 'java/lang/invoke/LambdaForm$MH+0x0000021601385800'
Event: 7.206 Thread 0x0000021649c64790 Unloading class 0x0000021601385400 'java/lang/invoke/LambdaForm$MH+0x0000021601385400'
Event: 7.206 Thread 0x0000021649c64790 Unloading class 0x0000021601384c00 'java/lang/invoke/LambdaForm$MH+0x0000021601384c00'
Event: 7.206 Thread 0x0000021649c64790 Unloading class 0x0000021601385000 'java/lang/invoke/LambdaForm$MH+0x0000021601385000'
Event: 7.206 Thread 0x0000021649c64790 Unloading class 0x0000021601384000 'java/lang/invoke/LambdaForm$DMH+0x0000021601384000'

Classes redefined (0 events):
No events

Internal exceptions (20 events):
Event: 12.054 Thread 0x000002166a363e60 Exception <a 'java/io/FileNotFoundException'{0x00000000d66c5480}> (0x00000000d66c5480) 
thrown [s\src\hotspot\share\prims\jni.cpp, line 520]
Event: 12.055 Thread 0x000002166a363e60 Exception <a 'java/io/FileNotFoundException'{0x00000000d66c67c8}> (0x00000000d66c67c8) 
thrown [s\src\hotspot\share\prims\jni.cpp, line 520]
Event: 12.055 Thread 0x000002166a363e60 Exception <a 'java/io/FileNotFoundException'{0x00000000d66c7598}> (0x00000000d66c7598) 
thrown [s\src\hotspot\share\prims\jni.cpp, line 520]
Event: 12.241 Thread 0x000002166a363e60 Exception <a 'java/lang/NoSuchMethodError'{0x00000000d69c4bf8}: 'int java.lang.invoke.DirectMethodHandle$Holder.invokeSpecialIFC(java.lang.Object, java.lang.Object, java.lang.Object)'> (0x00000000d69c4bf8) 
thrown [s\src\hotspot\share\interpreter\linkResolver.cpp, line 773]
Event: 14.798 Thread 0x000002166a363e60 Implicit null exception at 0x0000021656567ed8 to 0x000002165656a63c
Event: 15.633 Thread 0x000002166a363e60 Implicit null exception at 0x0000021656576963 to 0x0000021656576ad4
Event: 18.691 Thread 0x000002166a368000 Exception <a 'java/io/FileNotFoundException'{0x00000000d5dbb4d0}> (0x00000000d5dbb4d0) 
thrown [s\src\hotspot\share\prims\jni.cpp, line 520]
Event: 18.691 Thread 0x000002166a368000 Exception <a 'java/io/FileNotFoundException'{0x00000000d5dbc7d0}> (0x00000000d5dbc7d0) 
thrown [s\src\hotspot\share\prims\jni.cpp, line 520]
Event: 18.691 Thread 0x000002166a368000 Exception <a 'java/io/FileNotFoundException'{0x00000000d5dbd848}> (0x00000000d5dbd848) 
thrown [s\src\hotspot\share\prims\jni.cpp, line 520]
Event: 32.324 Thread 0x000002166a368000 Exception <a 'java/lang/IncompatibleClassChangeError'{0x00000000d5a86280}: Found class java.lang.Object, but interface was expected> (0x00000000d5a86280) 
thrown [s\src\hotspot\share\interpreter\linkResolver.cpp, line 840]
Event: 33.173 Thread 0x000002166a365210 Exception <a 'java/lang/NoSuchMethodError'{0x00000000d61b5da8}: 'java.lang.Object java.lang.invoke.DirectMethodHandle$Holder.invokeStatic(java.lang.Object, int, java.lang.Object)'> (0x00000000d61b5da8) 
thrown [s\src\hotspot\share\interpreter\linkResolver.cpp, line 773]
Event: 33.277 Thread 0x000002166a365210 Exception <a 'java/lang/NoSuchMethodError'{0x00000000d652ee40}: 'java.lang.Object java.lang.invoke.DirectMethodHandle$Holder.invokeStaticInit(java.lang.Object, java.lang.Object, java.lang.Object)'> (0x00000000d652ee40) 
thrown [s\src\hotspot\share\interpreter\linkResolver.cpp, line 773]
Event: 33.283 Thread 0x000002166a365210 Exception <a 'java/lang/NoSuchMethodError'{0x00000000d658a278}: 'int java.lang.invoke.DirectMethodHandle$Holder.invokeStaticInit(java.lang.Object, int)'> (0x00000000d658a278) 
thrown [s\src\hotspot\share\interpreter\linkResolver.cpp, line 773]
Event: 128.095 Thread 0x000002166a365210 Implicit null exception at 0x00000216567b25da to 0x00000216567b2633
Event: 129.197 Thread 0x000002166a365210 Exception <a 'java/lang/NoSuchMethodError'{0x00000000d67c0d18}: 'int java.lang.invoke.DirectMethodHandle$Holder.invokeSpecialIFC(java.lang.Object, java.lang.Object, int)'> (0x00000000d67c0d18) 
thrown [s\src\hotspot\share\interpreter\linkResolver.cpp, line 773]
Event: 129.263 Thread 0x000002166a365210 Exception <a 'sun/nio/fs/WindowsException'{0x00000000d575b410}> (0x00000000d575b410) 
thrown [s\src\hotspot\share\prims\jni.cpp, line 520]
Event: 129.263 Thread 0x000002166a364b80 Exception <a 'sun/nio/fs/WindowsException'{0x00000000d571bf70}> (0x00000000d571bf70) 
thrown [s\src\hotspot\share\prims\jni.cpp, line 520]
Event: 129.263 Thread 0x000002166a365210 Exception <a 'sun/nio/fs/WindowsException'{0x00000000d575bb28}> (0x00000000d575bb28) 
thrown [s\src\hotspot\share\prims\jni.cpp, line 520]
Event: 129.263 Thread 0x000002166a364b80 Exception <a 'sun/nio/fs/WindowsException'{0x00000000d571c688}> (0x00000000d571c688) 
thrown [s\src\hotspot\share\prims\jni.cpp, line 520]
Event: 183.764 Thread 0x000002166a365210 Implicit null exception at 0x000002165626c4d1 to 0x000002165626c668

ZGC Phase Switch (0 events):
No events

VM Operations (20 events):
Event: 172.969 Executing safepoint VM operation: Cleanup
Event: 172.969 Executing safepoint VM operation: Cleanup done
Event: 173.984 Executing safepoint VM operation: Cleanup
Event: 174.138 Executing safepoint VM operation: Cleanup done
Event: 174.140 Executing safepoint VM operation: ParallelGCFailedAllocation (Allocation Failure)
Event: 174.143 Executing safepoint VM operation: ParallelGCFailedAllocation (Allocation Failure) done
Event: 175.167 Executing safepoint VM operation: Cleanup
Event: 175.167 Executing safepoint VM operation: Cleanup done
Event: 176.213 Executing safepoint VM operation: Cleanup
Event: 176.309 Executing safepoint VM operation: Cleanup done
Event: 177.077 Executing non-safepoint VM operation: HandshakeAllThreads (Deoptimize)
Event: 177.078 Executing non-safepoint VM operation: HandshakeAllThreads (Deoptimize) done
Event: 177.097 Executing non-safepoint VM operation: HandshakeAllThreads (Deoptimize)
Event: 177.097 Executing non-safepoint VM operation: HandshakeAllThreads (Deoptimize) done
Event: 178.111 Executing safepoint VM operation: Cleanup
Event: 178.111 Executing safepoint VM operation: Cleanup done
Event: 180.355 Executing non-safepoint VM operation: HandshakeAllThreads (HandshakeForDeflation)
Event: 180.355 Executing non-safepoint VM operation: HandshakeAllThreads (HandshakeForDeflation) done
Event: 180.355 Executing non-safepoint VM operation: RendezvousGCThreads
Event: 180.355 Executing non-safepoint VM operation: RendezvousGCThreads done

Memory protections (0 events):
No events

Nmethod flushes (20 events):
Event: 7.214 Thread 0x0000021649c64790 flushing  nmethod 0x000002164e9d1110
Event: 7.214 Thread 0x0000021649c64790 flushing  nmethod 0x000002164e9d7b90
Event: 7.214 Thread 0x0000021649c64790 flushing  nmethod 0x000002164e9dca90
Event: 7.214 Thread 0x0000021649c64790 flushing  nmethod 0x000002164ea1d610
Event: 7.214 Thread 0x0000021649c64790 flushing  nmethod 0x000002164ea1d910
Event: 7.214 Thread 0x0000021649c64790 flushing  nmethod 0x000002164ea30510
Event: 7.214 Thread 0x0000021649c64790 flushing  nmethod 0x000002164ea37a10
Event: 7.214 Thread 0x0000021649c64790 flushing  nmethod 0x000002164eae4e10
Event: 7.214 Thread 0x0000021649c64790 flushing  nmethod 0x000002164eaea990
Event: 7.214 Thread 0x0000021649c64790 flushing  nmethod 0x000002164eb08d90
Event: 7.214 Thread 0x0000021649c64790 flushing  nmethod 0x000002164eb09790
Event: 7.214 Thread 0x0000021649c64790 flushing  nmethod 0x000002164eb0e490
Event: 7.214 Thread 0x0000021649c64790 flushing  nmethod 0x000002164eb50a10
Event: 7.214 Thread 0x0000021649c64790 flushing  nmethod 0x000002164eb54710
Event: 7.214 Thread 0x0000021649c64790 flushing  nmethod 0x000002164eb54a90
Event: 7.214 Thread 0x0000021649c64790 flushing  nmethod 0x000002164eb94d10
Event: 7.214 Thread 0x0000021649c64790 flushing  nmethod 0x000002164eb95690
Event: 7.214 Thread 0x0000021649c64790 flushing  nmethod 0x000002164eba6f10
Event: 7.214 Thread 0x0000021649c64790 flushing  nmethod 0x000002164eba7990
Event: 7.214 Thread 0x0000021649c64790 flushing  nmethod 0x000002164ebb0210

Events (20 events):
Event: 85.628 Thread 0x000002166256f470 Thread added: 0x000002166ad443d0
Event: 85.941 Thread 0x000002166ad443d0 Thread exited: 0x000002166ad443d0
Event: 128.131 Thread 0x000002166256f470 Thread added: 0x000002166ad443d0
Event: 134.300 Thread 0x000002166ad443d0 Thread exited: 0x000002166ad443d0
Event: 139.783 Thread 0x000002166256f470 Thread added: 0x000002166ad421c0
Event: 140.484 Thread 0x000002166ad421c0 Thread exited: 0x000002166ad421c0
Event: 140.646 Thread 0x000002166256f470 Thread added: 0x000002166ad42f60
Event: 141.097 Thread 0x000002166ad42f60 Thread exited: 0x000002166ad42f60
Event: 141.218 Thread 0x000002166256f470 Thread added: 0x000002166ad3d6d0
Event: 146.688 Thread 0x000002166ad3d6d0 Thread exited: 0x000002166ad3d6d0
Event: 151.339 Thread 0x000002166256f470 Thread added: 0x000002166ad3eb40
Event: 152.349 Thread 0x000002166256f470 Thread added: 0x000002166ad40680
Event: 154.092 Thread 0x000002166ad40680 Thread exited: 0x000002166ad40680
Event: 156.682 Thread 0x000002166ad3eb40 Thread exited: 0x000002166ad3eb40
Event: 160.756 Thread 0x000002166256f470 Thread added: 0x000002166ad40680
Event: 166.457 Thread 0x000002166ad40680 Thread exited: 0x000002166ad40680
Event: 174.171 Thread 0x000002166256f470 Thread added: 0x000002166ad42890
Event: 175.639 Thread 0x000002166ad42890 Thread exited: 0x000002166ad42890
Event: 176.449 Thread 0x000002166256f470 Thread added: 0x000002166ad44aa0
Event: 182.869 Thread 0x000002166ad44aa0 Thread exited: 0x000002166ad44aa0


Dynamic libraries:
0x00007ff6be820000 - 0x00007ff6be82e000 	c:\Users\sharanu malipatil\.vscode\extensions\redhat.java-1.55.0-win32-x64\jre\21.0.11-win32-x86_64\bin\java.exe
0x00007ffdaf450000 - 0x00007ffdaf668000 	C:\WINDOWS\SYSTEM32\ntdll.dll
0x00007ffdaf260000 - 0x00007ffdaf324000 	C:\WINDOWS\System32\KERNEL32.DLL
0x00007ffdac630000 - 0x00007ffdaca03000 	C:\WINDOWS\System32\KERNELBASE.dll
0x00007ffdacf20000 - 0x00007ffdad031000 	C:\WINDOWS\System32\ucrtbase.dll
0x00007ffd8b8b0000 - 0x00007ffd8b8ce000 	c:\Users\sharanu malipatil\.vscode\extensions\redhat.java-1.55.0-win32-x64\jre\21.0.11-win32-x86_64\bin\VCRUNTIME140.dll
0x00007ffda1850000 - 0x00007ffda1868000 	c:\Users\sharanu malipatil\.vscode\extensions\redhat.java-1.55.0-win32-x64\jre\21.0.11-win32-x86_64\bin\jli.dll
0x00007ffdad540000 - 0x00007ffdad6f2000 	C:\WINDOWS\System32\USER32.dll
0x00007ffdad0c0000 - 0x00007ffdad0e6000 	C:\WINDOWS\System32\win32u.dll
0x00007ffd9b690000 - 0x00007ffd9b92c000 	C:\WINDOWS\WinSxS\amd64_microsoft.windows.common-controls_6595b64144ccf1df_6.0.22621.6060_none_2712eda17382d24b\COMCTL32.dll
0x00007ffdaf330000 - 0x00007ffdaf359000 	C:\WINDOWS\System32\GDI32.dll
0x00007ffdaf360000 - 0x00007ffdaf407000 	C:\WINDOWS\System32\msvcrt.dll
0x00007ffdaca10000 - 0x00007ffdacb2b000 	C:\WINDOWS\System32\gdi32full.dll
0x00007ffdac590000 - 0x00007ffdac62a000 	C:\WINDOWS\System32\msvcp_win.dll
0x00007ffdae1a0000 - 0x00007ffdae1d1000 	C:\WINDOWS\System32\IMM32.DLL
0x00007ffda9220000 - 0x00007ffda922c000 	c:\Users\sharanu malipatil\.vscode\extensions\redhat.java-1.55.0-win32-x64\jre\21.0.11-win32-x86_64\bin\vcruntime140_1.dll
0x00007ffd711a0000 - 0x00007ffd7122d000 	c:\Users\sharanu malipatil\.vscode\extensions\redhat.java-1.55.0-win32-x64\jre\21.0.11-win32-x86_64\bin\msvcp140.dll
0x00007ffcac750000 - 0x00007ffcad4f2000 	c:\Users\sharanu malipatil\.vscode\extensions\redhat.java-1.55.0-win32-x64\jre\21.0.11-win32-x86_64\bin\server\jvm.dll
0x00007ffdad320000 - 0x00007ffdad3d1000 	C:\WINDOWS\System32\ADVAPI32.dll
0x00007ffdae0f0000 - 0x00007ffdae198000 	C:\WINDOWS\System32\sechost.dll
0x00007ffdac560000 - 0x00007ffdac588000 	C:\WINDOWS\System32\bcrypt.dll
0x00007ffdadfd0000 - 0x00007ffdae0e8000 	C:\WINDOWS\System32\RPCRT4.dll
0x00007ffdaf1e0000 - 0x00007ffdaf251000 	C:\WINDOWS\System32\WS2_32.dll
0x00007ffd9b170000 - 0x00007ffd9b17a000 	C:\WINDOWS\SYSTEM32\VERSION.dll
0x00007ffda17a0000 - 0x00007ffda17d4000 	C:\WINDOWS\SYSTEM32\WINMM.dll
0x00007ffdac430000 - 0x00007ffdac47d000 	C:\WINDOWS\SYSTEM32\POWRPROF.dll
0x00007ffdac410000 - 0x00007ffdac423000 	C:\WINDOWS\SYSTEM32\UMPDC.dll
0x00007ffdab500000 - 0x00007ffdab518000 	C:\WINDOWS\SYSTEM32\kernel.appcore.dll
0x00007ffd8ec30000 - 0x00007ffd8ec3a000 	c:\Users\sharanu malipatil\.vscode\extensions\redhat.java-1.55.0-win32-x64\jre\21.0.11-win32-x86_64\bin\jimage.dll
0x00007ffda9c80000 - 0x00007ffda9eb3000 	C:\WINDOWS\SYSTEM32\DBGHELP.DLL
0x00007ffdae6c0000 - 0x00007ffdaea51000 	C:\WINDOWS\System32\combase.dll
0x00007ffdaf100000 - 0x00007ffdaf1d8000 	C:\WINDOWS\System32\OLEAUT32.dll
0x00007ffd9b180000 - 0x00007ffd9b1b2000 	C:\WINDOWS\SYSTEM32\dbgcore.DLL
0x00007ffdacde0000 - 0x00007ffdace5b000 	C:\WINDOWS\System32\bcryptPrimitives.dll
0x00007ffd83530000 - 0x00007ffd8353f000 	c:\Users\sharanu malipatil\.vscode\extensions\redhat.java-1.55.0-win32-x64\jre\21.0.11-win32-x86_64\bin\instrument.dll
0x00007ffd7ca20000 - 0x00007ffd7ca40000 	c:\Users\sharanu malipatil\.vscode\extensions\redhat.java-1.55.0-win32-x64\jre\21.0.11-win32-x86_64\bin\java.dll
0x00007ffdad730000 - 0x00007ffdadfcc000 	C:\WINDOWS\System32\SHELL32.dll
0x00007ffdacca0000 - 0x00007ffdacddf000 	C:\WINDOWS\System32\wintypes.dll
0x00007ffdaa410000 - 0x00007ffdaad2a000 	C:\WINDOWS\SYSTEM32\windows.storage.dll
0x00007ffdad0f0000 - 0x00007ffdad1f4000 	C:\WINDOWS\System32\SHCORE.dll
0x00007ffdad200000 - 0x00007ffdad269000 	C:\WINDOWS\System32\shlwapi.dll
0x00007ffdac490000 - 0x00007ffdac4b5000 	C:\WINDOWS\SYSTEM32\profapi.dll
0x00007ffd7c980000 - 0x00007ffd7c998000 	c:\Users\sharanu malipatil\.vscode\extensions\redhat.java-1.55.0-win32-x64\jre\21.0.11-win32-x86_64\bin\zip.dll
0x00007ffd81e40000 - 0x00007ffd81e50000 	C:\Users\sharanu malipatil\.vscode\extensions\redhat.java-1.55.0-win32-x64\jre\21.0.11-win32-x86_64\bin\net.dll
0x00007ffda7cc0000 - 0x00007ffda7dec000 	C:\WINDOWS\SYSTEM32\WINHTTP.dll
0x00007ffdab9d0000 - 0x00007ffdaba39000 	C:\WINDOWS\system32\mswsock.dll
0x00007ffd79b60000 - 0x00007ffd79b76000 	C:\Users\sharanu malipatil\.vscode\extensions\redhat.java-1.55.0-win32-x64\jre\21.0.11-win32-x86_64\bin\nio.dll
0x00007ffd7e1b0000 - 0x00007ffd7e1c0000 	c:\Users\sharanu malipatil\.vscode\extensions\redhat.java-1.55.0-win32-x64\jre\21.0.11-win32-x86_64\bin\verify.dll
0x00007ffd75c40000 - 0x00007ffd75c85000 	C:\Users\sharanu malipatil\AppData\Roaming\Code\User\globalStorage\redhat.java\1.55.0\config_ss_win\org.eclipse.equinox.launcher\org.eclipse.equinox.launcher.win32.win32.x86_64_1.3.100.v20260613-0559\eclipse_11924.dll
0x00007ffdaef50000 - 0x00007ffdaf0f1000 	C:\WINDOWS\System32\ole32.dll
0x00007ffdabc00000 - 0x00007ffdabc1b000 	C:\WINDOWS\SYSTEM32\CRYPTSP.dll
0x00007ffdab460000 - 0x00007ffdab497000 	C:\WINDOWS\system32\rsaenh.dll
0x00007ffdaba90000 - 0x00007ffdabab8000 	C:\WINDOWS\SYSTEM32\USERENV.dll
0x00007ffdabc20000 - 0x00007ffdabc2c000 	C:\WINDOWS\SYSTEM32\CRYPTBASE.dll
0x00007ffdaaf90000 - 0x00007ffdaafbd000 	C:\WINDOWS\SYSTEM32\IPHLPAPI.DLL
0x00007ffdae550000 - 0x00007ffdae559000 	C:\WINDOWS\System32\NSI.dll
0x00007ffd71a80000 - 0x00007ffd71ac9000 	C:\Users\sharanu malipatil\AppData\Local\Temp\jna-1279361495\jna1173838366680906494.dll
0x00007ffdae5b0000 - 0x00007ffdae5b8000 	C:\WINDOWS\System32\PSAPI.DLL
0x00007ffda5ed0000 - 0x00007ffda5ee9000 	C:\WINDOWS\SYSTEM32\dhcpcsvc6.DLL
0x00007ffda5eb0000 - 0x00007ffda5ecf000 	C:\WINDOWS\SYSTEM32\dhcpcsvc.DLL

JVMTI agents:
c:\Users\sharanu malipatil\.vscode\extensions\redhat.java-1.55.0-win32-x64\lombok\lombok-1.18.39-4050.jar path:c:\Users\sharanu malipatil\.vscode\extensions\redhat.java-1.55.0-win32-x64\jre\21.0.11-win32-x86_64\bin\instrument.dll, loaded, initialized, instrumentlib options:none

dbghelp: loaded successfully - version: 4.0.5 - missing functions: none
symbol engine: initialized successfully - sym options: 0x614 - pdb path: .;c:\Users\sharanu malipatil\.vscode\extensions\redhat.java-1.55.0-win32-x64\jre\21.0.11-win32-x86_64\bin;C:\WINDOWS\SYSTEM32;C:\WINDOWS\WinSxS\amd64_microsoft.windows.common-controls_6595b64144ccf1df_6.0.22621.6060_none_2712eda17382d24b;c:\Users\sharanu malipatil\.vscode\extensions\redhat.java-1.55.0-win32-x64\jre\21.0.11-win32-x86_64\bin\server;C:\Users\sharanu malipatil\AppData\Roaming\Code\User\globalStorage\redhat.java\1.55.0\config_ss_win\org.eclipse.equinox.launcher\org.eclipse.equinox.launcher.win32.win32.x86_64_1.3.100.v20260613-0559;C:\Users\sharanu malipatil\AppData\Local\Temp\jna-1279361495

VM Arguments:
jvm_args: -Duser.timezone=UTC --add-modules=ALL-SYSTEM --add-opens=java.base/java.util=ALL-UNNAMED --add-opens=java.base/java.lang=ALL-UNNAMED --add-opens=java.base/sun.nio.fs=ALL-UNNAMED -Declipse.application=org.eclipse.jdt.ls.core.id1 -Dosgi.bundles.defaultStartLevel=4 -Declipse.product=org.eclipse.jdt.ls.core.product -Djava.import.generatesMetadataFilesAtProjectRoot=false -DDetectVMInstallationsJob.disabled=true -Dfile.encoding=utf8 -XX:+UseParallelGC -XX:GCTimeRatio=4 -XX:AdaptiveSizePolicyWeight=90 -Dsun.zip.disableMemoryMapping=true -Xmx2G -Xms100m -Xlog:disable -javaagent:c:\Users\sharanu malipatil\.vscode\extensions\redhat.java-1.55.0-win32-x64\lombok\lombok-1.18.39-4050.jar 
java_command: c:\Users\sharanu malipatil\.vscode\extensions\redhat.java-1.55.0-win32-x64\server\plugins\org.eclipse.equinox.launcher_1.7.200.v20260619-2039.jar -configuration c:\Users\sharanu malipatil\AppData\Roaming\Code\User\globalStorage\redhat.java\1.55.0\config_ss_win -data c:\Users\sharanu malipatil\AppData\Roaming\Code\User\workspaceStorage\481339e1c107559ff6ad87366b34b8b2\redhat.java\ss_ws --pipe=\\.\pipe\lsp-0171e71fbf00e7b02a47f3c73a47e190-sock
java_class_path (initial): c:\Users\sharanu malipatil\.vscode\extensions\redhat.java-1.55.0-win32-x64\server\plugins\org.eclipse.equinox.launcher_1.7.200.v20260619-2039.jar
Launcher Type: SUN_STANDARD

[Global flags]
    uintx AdaptiveSizePolicyWeight                 = 90                                        {product} {command line}
     intx CICompilerCount                          = 4                                         {product} {ergonomic}
    uintx GCTimeRatio                              = 4                                         {product} {command line}
   size_t InitialHeapSize                          = 104857600                                 {product} {command line}
   size_t MaxHeapSize                              = 2147483648                                {product} {command line}
   size_t MaxNewSize                               = 715653120                                 {product} {ergonomic}
   size_t MinHeapDeltaBytes                        = 524288                                    {product} {ergonomic}
   size_t MinHeapSize                              = 104857600                                 {product} {command line}
   size_t NewSize                                  = 34603008                                  {product} {ergonomic}
    uintx NonNMethodCodeHeapSize                   = 5839372                                {pd product} {ergonomic}
    uintx NonProfiledCodeHeapSize                  = 122909434                              {pd product} {ergonomic}
   size_t OldSize                                  = 70254592                                  {product} {ergonomic}
    uintx ProfiledCodeHeapSize                     = 122909434                              {pd product} {ergonomic}
    uintx ReservedCodeCacheSize                    = 251658240                              {pd product} {ergonomic}
     bool SegmentedCodeCache                       = true                                      {product} {ergonomic}
   size_t SoftMaxHeapSize                          = 2147483648                             {manageable} {ergonomic}
     bool UseCompressedOops                        = true                           {product lp64_product} {ergonomic}
     bool UseLargePagesIndividualAllocation        = false                                  {pd product} {ergonomic}
     bool UseParallelGC                            = true                                      {product} {command line}

Logging:
Log output configuration:
 #0: stdout all=off uptime,level,tags foldmultilines=false
 #1: stderr all=off uptime,level,tags foldmultilines=false

Release file:
JAVA_VERSION="21.0.11" 
MODULES="java.base java.compiler java.datatransfer java.xml java.prefs java.desktop java.instrument java.logging java.management java.security.sasl java.naming java.rmi java.management.rmi java.net.http java.scripting java.security.jgss java.transaction.xa java.sql java.sql.rowset java.xml.crypto java.se java.smartcardio jdk.accessibility jdk.internal.jvmstat jdk.attach jdk.charsets jdk.internal.opt jdk.zipfs jdk.compiler jdk.crypto.ec jdk.crypto.cryptoki jdk.crypto.mscapi jdk.dynalink jdk.internal.ed jdk.editpad jdk.hotspot.agent jdk.httpserver jdk.internal.le jdk.internal.vm.ci jdk.internal.vm.compiler jdk.internal.vm.compiler.management jdk.jartool jdk.javadoc jdk.jcmd jdk.management jdk.management.agent jdk.jconsole jdk.jdeps jdk.jdwp.agent jdk.jdi jdk.jfr jdk.jshell jdk.jsobject jdk.jstatd jdk.localedata jdk.management.jfr jdk.naming.dns jdk.naming.rmi jdk.net jdk.nio.mapmode jdk.random jdk.sctp jdk.security.auth jdk.security.jgss jdk.unsupported jdk.unsupported.desktop jdk.xml.dom" 

Environment Variables:
JAVA_HOME=C:\Program Files\Eclipse Adoptium\jdk-17.0.12.7-hotspot\
JAVA_TOOL_OPTIONS=-Duser.timezone=UTC
PATH=C:\Users\sharanu malipatil\Downloads\Downloads;C:\Users\sharanu malipatil\Downloads\apache-maven-3.9.11-bin\apache-maven-3.9.11\bin;C:\Program Files\Common Files\Oracle\Java\javapath;C:\Program Files\Eclipse Adoptium\jdk-17.0.12.7-hotspot\bin;C:\WINDOWS\system32;C:\WINDOWS;C:\WINDOWS\System32\Wbem;C:\WINDOWS\System32\WindowsPowerShell\v1.0\;C:\WINDOWS\System32\OpenSSH\;C:\Program Files\dotnet\;C:\Program Files\Git\cmd;C:\ProgramData\chocolatey\bin;C:\Users\sharanu malipatil\AppData\Local\Programs\Python\Python313\Scripts\;C:\Users\sharanu malipatil\AppData\Local\Programs\Python\Python313\;C:\Users\sharanu malipatil\AppData\Local\Programs\Python\Launcher\;C:\Program Files\MySQL\MySQL Shell 8.0\bin\;C:\Users\sharanu malipatil\AppData\Local\Microsoft\WindowsApps;C:\Users\sharanu malipatil\AppData\Local\Programs\Microsoft VS Code\bin;C:\Users\sharanu malipatil\AppData\Local\GitHubDesktop\bin;C:\Users\sharanu malipatil\AppData\Local\Programs\mongosh\;C:\Program Files\JetBrains\IntelliJ IDEA Community Edition 2025.1.2\bin;C:\Program Files\Docker\Docker\resources\bin;C:\Program Files\nodejs\;C:\Users\sharanu malipatil\Downloads\apache-maven-3.9.11-bin\apache-maven-3.9.11\bin;C:\Program Files\Common Files\Oracle\Java\javapath;C:\Program Files\Eclipse Adoptium\jdk-17.0.12.7-hotspot\bin;C:\WINDOWS\system32;C:\WINDOWS;C:\WINDOWS\System32\Wbem;C:\WINDOWS\System32\WindowsPowerShell\v1.0\;C:\WINDOWS\System32\OpenSSH\;C:\Program Files\dotnet\;C:\Program Files\Git\cmd;C:\ProgramData\chocolatey\bin;C:\Users\sharanu malipatil\AppData\Local\Programs\Python\Python313\Scripts\;C:\Users\sharanu malipatil\AppData\Local\Programs\Python\Python313\;C:\Users\sharanu malipatil\AppData\Local\Programs\Python\Launcher\;C:\Program Files\MySQL\MySQL Shell 8.0\bin\;C:\Users\sharanu malipatil\AppData\Local\Microsoft\WindowsApps;C:\Users\sharanu malipatil\AppData\Local\Programs\Microsoft VS Code\bin;C:\Users\sharanu malipatil\AppData\Local\GitHubDesktop\bin;C:\Users\sharanu malipatil\AppData\Local\Programs\mongosh\;C:\Program Files\JetBrains\IntelliJ IDEA Community Edition 2025.1.2\bin;C:\Program Files\Docker\Docker\resource;C:\Users\sharanu malipatil\AppData\Local\Programs\Windsurf\bin;C:\Users\sharanu malipatil\AppData\Roaming\npm
USERNAME=sharanu malipatil
OS=Windows_NT
PROCESSOR_IDENTIFIER=Intel64 Family 6 Model 154 Stepping 4, GenuineIntel
TMP=C:\Users\SHARAN~1\AppData\Local\Temp
TEMP=C:\Users\SHARAN~1\AppData\Local\Temp




Periodic native trim disabled

---------------  S Y S T E M  ---------------

OS:
 Windows 11 , 64 bit Build 22621 (10.0.22621.5415)
OS uptime: 1 days 6:27 hours
Hyper-V role detected

CPU: total 8 (initial active 8) (4 cores per cpu, 2 threads per core) family 6 model 154 stepping 4 microcode 0x41b, cx8, cmov, fxsr, ht, mmx, 3dnowpref, sse, sse2, sse3, ssse3, sse4.1, sse4.2, popcnt, lzcnt, tsc, tscinvbit, avx, avx2, aes, erms, clmul, bmi1, bmi2, adx, sha, fma, vzeroupper, clflush, clflushopt, clwb, hv, serialize, rdtscp, rdpid, fsrm, f16c, cet_ibt, cet_ss
Processor Information for processor 0
  Max Mhz: 1200, Current Mhz: 1200, Mhz Limit: 1200
Processor Information for processor 1
  Max Mhz: 1200, Current Mhz: 1200, Mhz Limit: 1200
Processor Information for processor 2
  Max Mhz: 1200, Current Mhz: 1200, Mhz Limit: 1200
Processor Information for processor 3
  Max Mhz: 1200, Current Mhz: 1200, Mhz Limit: 1200
Processor Information for processor 4
  Max Mhz: 1200, Current Mhz: 900, Mhz Limit: 900
Processor Information for processor 5
  Max Mhz: 1200, Current Mhz: 900, Mhz Limit: 900
Processor Information for processor 6
  Max Mhz: 1200, Current Mhz: 900, Mhz Limit: 900
Processor Information for processor 7
  Max Mhz: 1200, Current Mhz: 900, Mhz Limit: 900

Memory: 4k page, system-wide physical 7936M (457M free)
TotalPageFile size 32512M (AvailPageFile size 5M)
current process WorkingSet (physical memory assigned to process): 213M, peak: 250M
current process commit charge ("private bytes"): 337M, peak: 376M

vm_info: OpenJDK 64-Bit Server VM (21.0.11+10-LTS) for windows-amd64 JRE (21.0.11+10-LTS), built on 2026-04-21T00:00:00Z by "admin" with MS VC++ 17.12 (VS2022)

END.
