#
# There is insufficient memory for the Java Runtime Environment to continue.
# Native memory allocation (malloc) failed to allocate 747488 bytes. Error detail: Chunk::new
# Possible reasons:
#   The system is out of physical RAM or swap space
#   This process is running with CompressedOops enabled, and the Java Heap may be blocking the growth of the native heap
# Possible solutions:
#   Reduce memory load on the system
#   Increase physical memory or swap space
#   Check if swap backing store is full
#   Decrease Java heap size (-Xmx/-Xms)
#   Decrease number of Java threads
#   Decrease Java thread stack sizes (-Xss)
#   Set larger code cache with -XX:ReservedCodeCacheSize=
#   JVM is running with Unscaled Compressed Oops mode in which the Java heap is
#     placed in the first 4GB address space. The Java Heap base address is the
#     maximum limit for the native heap growth. Please use -XX:HeapBaseMinAddress
#     to set the Java Heap base and to place the Java Heap above 4GB virtual address.
# This output file may be truncated or incomplete.
#
#  Out of Memory Error (arena.cpp:168), pid=3752, tid=21308
#
# JRE version: OpenJDK Runtime Environment Temurin-21.0.11+10 (21.0.11+10) (build 21.0.11+10-LTS)
# Java VM: OpenJDK 64-Bit Server VM Temurin-21.0.11+10 (21.0.11+10-LTS, mixed mode, sharing, tiered, compressed oops, compressed class ptrs, parallel gc, windows-amd64)
# No core dump will be written. Minidumps are not enabled by default on client versions of Windows
#

---------------  S U M M A R Y ------------

Command Line: -Duser.timezone=UTC --add-modules=ALL-SYSTEM --add-opens=java.base/java.util=ALL-UNNAMED --add-opens=java.base/java.lang=ALL-UNNAMED --add-opens=java.base/sun.nio.fs=ALL-UNNAMED -Declipse.application=org.eclipse.jdt.ls.core.id1 -Dosgi.bundles.defaultStartLevel=4 -Declipse.product=org.eclipse.jdt.ls.core.product -Djava.import.generatesMetadataFilesAtProjectRoot=false -DDetectVMInstallationsJob.disabled=true -Dfile.encoding=utf8 -XX:+UseParallelGC -XX:GCTimeRatio=4 -XX:AdaptiveSizePolicyWeight=90 -Dsun.zip.disableMemoryMapping=true -Xmx2G -Xms100m -Xlog:disable -javaagent:c:\Users\sharanu malipatil\.vscode\extensions\redhat.java-1.55.0-win32-x64\lombok\lombok-1.18.39-4050.jar -XX:+HeapDumpOnOutOfMemoryError -XX:HeapDumpPath=c:\Users\sharanu malipatil\AppData\Roaming\Code\User\workspaceStorage\481339e1c107559ff6ad87366b34b8b2\redhat.java -Daether.dependencyCollector.impl=bf c:\Users\sharanu malipatil\.vscode\extensions\redhat.java-1.55.0-win32-x64\server\plugins\org.eclipse.equinox.launcher_1.7.200.v20260619-2039.jar -configuration c:\Users\sharanu malipatil\AppData\Roaming\Code\User\globalStorage\redhat.java\1.55.0\config_win -data c:\Users\sharanu malipatil\AppData\Roaming\Code\User\workspaceStorage\481339e1c107559ff6ad87366b34b8b2\redhat.java\jdt_ws --pipe=\\.\pipe\lsp-1782d0321ef50aa5fe0057a67b880694-sock

Host: 12th Gen Intel(R) Core(TM) i3-1215U, 8 cores, 7G,  Windows 11 , 64 bit Build 22621 (10.0.22621.5415)
Time: Tue Jul 14 23:28:46 2026 India Standard Time elapsed time: 159.870394 seconds (0d 0h 2m 39s)

---------------  T H R E A D  ---------------

Current thread (0x000002400cf3a0d0):  JavaThread "C2 CompilerThread1" daemon [_thread_in_native, id=21308, stack(0x0000005e36d00000,0x0000005e36e00000) (1024K)]


Current CompileTask:
C2:159870 14379       4       org.eclipse.jdt.internal.compiler.parser.Parser::consumeToken (2260 bytes)

Stack: [0x0000005e36d00000,0x0000005e36e00000]
Native frames: (J=compiled Java code, j=interpreted, Vv=VM code, C=native code)
V  [jvm.dll+0x6d7e19]
V  [jvm.dll+0x8b5096]
V  [jvm.dll+0x8b764e]
V  [jvm.dll+0x8b7d33]
V  [jvm.dll+0x284596]
V  [jvm.dll+0xc685d]
V  [jvm.dll+0xc6da1]
V  [jvm.dll+0x3bed6b]
V  [jvm.dll+0x38b2b2]
V  [jvm.dll+0x38a6fa]
V  [jvm.dll+0x24c700]
V  [jvm.dll+0x24bce0]
V  [jvm.dll+0x1cb4ae]
V  [jvm.dll+0x25baad]
V  [jvm.dll+0x25a03a]
V  [jvm.dll+0x3f868e]
V  [jvm.dll+0x85fb0d]
V  [jvm.dll+0x6d664d]
C  [ucrtbase.dll+0x29333]
C  [KERNEL32.DLL+0x1259d]
C  [ntdll.dll+0x5af78]


---------------  P R O C E S S  ---------------

Threads class SMR info:
_java_thread_list=0x00000240048c62c0, length=72, elements={
0x0000023fab555070, 0x0000023fc1fc4d90, 0x0000023fc1fc5950, 0x0000023fc1fc7fa0,
0x0000023fc1fc8e90, 0x0000023fc1fcc150, 0x0000023fc1fcf5d0, 0x0000023fc1fd1330,
0x0000023fc1fd9200, 0x0000023fc1fce220, 0x0000023fc1fcc7e0, 0x0000023fc1fcce70,
0x0000023fc1fcd500, 0x0000023fc1fcdb90, 0x0000023fc1fce8b0, 0x0000023fc1fcef40,
0x0000024009980920, 0x0000024009980290, 0x000002400997eee0, 0x0000024009980fb0,
0x0000024009983710, 0x0000024009983080, 0x0000024009981cd0, 0x0000024009983da0,
0x000002400997e1c0, 0x00000240099829f0, 0x000002400997fc00, 0x0000024009984430,
0x000002400997d4a0, 0x0000024009984ac0, 0x000002400997db30, 0x000002400997e850,
0x000002400b3f2020, 0x000002400b3f0c70, 0x000002400b3f26b0, 0x000002400b3f8290,
0x000002400b3f6ee0, 0x000002400b3f33d0, 0x000002400b3f7570, 0x000002400b3f3a60,
0x000002400b3f4e10, 0x000002400b3f40f0, 0x000002400b3f7c00, 0x000002400b3f54a0,
0x000002400b3f5b30, 0x000002400b3f61c0, 0x000002400b3f1990, 0x000002400b3f6850,
0x000002400b3f1300, 0x0000024009548930, 0x0000024009543a70, 0x0000024009547c10,
0x0000024009547580, 0x00000240095426c0, 0x0000024009545b40, 0x0000024009544100,
0x00000240095461d0, 0x0000024009542d50, 0x0000024009546ef0, 0x0000024009549650,
0x0000024009544790, 0x00000240095482a0, 0x0000024009546860, 0x0000024009544e20,
0x00000240095454b0, 0x000002400bf5bc40, 0x000002400bf5ea30, 0x000002400bf5cff0,
0x000002400bf5fde0, 0x000002400bf5c2d0, 0x000002400bf5c960, 0x000002400cf3a0d0
}

Java Threads: ( => current thread )
  0x0000023fab555070 JavaThread "main"                              [_thread_blocked, id=19072, stack(0x0000005e36f00000,0x0000005e37000000) (1024K)]
  0x0000023fc1fc4d90 JavaThread "Reference Handler"          daemon [_thread_blocked, id=9472, stack(0x0000005e37300000,0x0000005e37400000) (1024K)]
  0x0000023fc1fc5950 JavaThread "Finalizer"                  daemon [_thread_blocked, id=10992, stack(0x0000005e37400000,0x0000005e37500000) (1024K)]
  0x0000023fc1fc7fa0 JavaThread "Signal Dispatcher"          daemon [_thread_blocked, id=6748, stack(0x0000005e37500000,0x0000005e37600000) (1024K)]
  0x0000023fc1fc8e90 JavaThread "Attach Listener"            daemon [_thread_blocked, id=18356, stack(0x0000005e37600000,0x0000005e37700000) (1024K)]
  0x0000023fc1fcc150 JavaThread "Service Thread"             daemon [_thread_blocked, id=2976, stack(0x0000005e37700000,0x0000005e37800000) (1024K)]
  0x0000023fc1fcf5d0 JavaThread "Monitor Deflation Thread"   daemon [_thread_blocked, id=17064, stack(0x0000005e37800000,0x0000005e37900000) (1024K)]
  0x0000023fc1fd1330 JavaThread "C2 CompilerThread0"         daemon [_thread_blocked, id=22972, stack(0x0000005e37900000,0x0000005e37a00000) (1024K)]
  0x0000023fc1fd9200 JavaThread "C1 CompilerThread0"         daemon [_thread_blocked, id=8936, stack(0x0000005e37a00000,0x0000005e37b00000) (1024K)]
  0x0000023fc1fce220 JavaThread "Common-Cleaner"             daemon [_thread_blocked, id=18684, stack(0x0000005e37b00000,0x0000005e37c00000) (1024K)]
  0x0000023fc1fcc7e0 JavaThread "Notification Thread"        daemon [_thread_blocked, id=13828, stack(0x0000005e37e00000,0x0000005e37f00000) (1024K)]
  0x0000023fc1fcce70 JavaThread "Active Thread: Equinox Container: bb0af749-8365-4a01-973a-c51bba2b6abc"        [_thread_blocked, id=15940, stack(0x0000005e38500000,0x0000005e38600000) (1024K)]
  0x0000023fc1fcd500 JavaThread "Refresh Thread: Equinox Container: bb0af749-8365-4a01-973a-c51bba2b6abc" daemon [_thread_blocked, id=15824, stack(0x0000005e38600000,0x0000005e38700000) (1024K)]
  0x0000023fc1fcdb90 JavaThread "Framework Event Dispatcher: Equinox Container: bb0af749-8365-4a01-973a-c51bba2b6abc" daemon [_thread_blocked, id=11052, stack(0x0000005e38700000,0x0000005e38800000) (1024K)]
  0x0000023fc1fce8b0 JavaThread "Start Level: Equinox Container: bb0af749-8365-4a01-973a-c51bba2b6abc" daemon [_thread_blocked, id=12072, stack(0x0000005e38800000,0x0000005e38900000) (1024K)]
  0x0000023fc1fcef40 JavaThread "Bundle File Closer"         daemon [_thread_blocked, id=12512, stack(0x0000005e38a00000,0x0000005e38b00000) (1024K)]
  0x0000024009980920 JavaThread "SCR Component Actor"        daemon [_thread_blocked, id=19604, stack(0x0000005e37c00000,0x0000005e37d00000) (1024K)]
  0x0000024009980290 JavaThread "Worker-JM"                         [_thread_blocked, id=14588, stack(0x0000005e38c00000,0x0000005e38d00000) (1024K)]
  0x000002400997eee0 JavaThread "JNA Cleaner"                daemon [_thread_blocked, id=23292, stack(0x0000005e38d00000,0x0000005e38e00000) (1024K)]
  0x0000024009980fb0 JavaThread "Worker-1"                          [_thread_blocked, id=14056, stack(0x0000005e38f00000,0x0000005e39000000) (1024K)]
  0x0000024009983710 JavaThread "Worker-2"                          [_thread_blocked, id=14060, stack(0x0000005e39000000,0x0000005e39100000) (1024K)]
  0x0000024009983080 JavaThread "Java indexing"              daemon [_thread_blocked, id=2024, stack(0x0000005e39100000,0x0000005e39200000) (1024K)]
  0x0000024009981cd0 JavaThread "Worker-3"                          [_thread_blocked, id=19792, stack(0x0000005e39200000,0x0000005e39300000) (1024K)]
  0x0000024009983da0 JavaThread "Worker-4: Java indexing... "        [_thread_blocked, id=18276, stack(0x0000005e39300000,0x0000005e39400000) (1024K)]
  0x000002400997e1c0 JavaThread "Worker-5"                          [_thread_blocked, id=9996, stack(0x0000005e39400000,0x0000005e39500000) (1024K)]
  0x00000240099829f0 JavaThread "Thread-1"                   daemon [_thread_in_native, id=12392, stack(0x0000005e39500000,0x0000005e39600000) (1024K)]
  0x000002400997fc00 JavaThread "Thread-2"                   daemon [_thread_in_native, id=23152, stack(0x0000005e39600000,0x0000005e39700000) (1024K)]
  0x0000024009984430 JavaThread "Thread-3"                   daemon [_thread_in_native, id=16488, stack(0x0000005e39700000,0x0000005e39800000) (1024K)]
  0x000002400997d4a0 JavaThread "Thread-4"                   daemon [_thread_in_native, id=20152, stack(0x0000005e39800000,0x0000005e39900000) (1024K)]
  0x0000024009984ac0 JavaThread "Thread-5"                   daemon [_thread_in_native, id=12396, stack(0x0000005e39900000,0x0000005e39a00000) (1024K)]
  0x000002400997db30 JavaThread "Thread-6"                   daemon [_thread_in_native, id=11552, stack(0x0000005e39a00000,0x0000005e39b00000) (1024K)]
  0x000002400997e850 JavaThread "Thread-7"                   daemon [_thread_in_native, id=11228, stack(0x0000005e39b00000,0x0000005e39c00000) (1024K)]
  0x000002400b3f2020 JavaThread "Thread-8"                   daemon [_thread_in_native, id=13064, stack(0x0000005e39c00000,0x0000005e39d00000) (1024K)]
  0x000002400b3f0c70 JavaThread "Thread-9"                   daemon [_thread_in_native, id=21232, stack(0x0000005e39d00000,0x0000005e39e00000) (1024K)]
  0x000002400b3f26b0 JavaThread "pool-2-thread-1"                   [_thread_blocked, id=640, stack(0x0000005e39e00000,0x0000005e39f00000) (1024K)]
  0x000002400b3f8290 JavaThread "WorkspaceEventsHandler"            [_thread_blocked, id=22324, stack(0x0000005e39f00000,0x0000005e3a000000) (1024K)]
  0x000002400b3f6ee0 JavaThread "pool-1-thread-1"                   [_thread_blocked, id=15028, stack(0x0000005e3a000000,0x0000005e3a100000) (1024K)]
  0x000002400b3f33d0 JavaThread "LocalFile Deleter"          daemon [_thread_blocked, id=1420, stack(0x0000005e3a300000,0x0000005e3a400000) (1024K)]
  0x000002400b3f7570 JavaThread "LocalFile Deleter"          daemon [_thread_blocked, id=16724, stack(0x0000005e3a400000,0x0000005e3a500000) (1024K)]
  0x000002400b3f3a60 JavaThread "LocalFile Deleter"          daemon [_thread_blocked, id=7292, stack(0x0000005e3a500000,0x0000005e3a600000) (1024K)]
  0x000002400b3f4e10 JavaThread "LocalFile Deleter"          daemon [_thread_blocked, id=15932, stack(0x0000005e3a600000,0x0000005e3a700000) (1024K)]
  0x000002400b3f40f0 JavaThread "LocalFile Deleter"          daemon [_thread_blocked, id=3068, stack(0x0000005e3a700000,0x0000005e3a800000) (1024K)]
  0x000002400b3f7c00 JavaThread "LocalFile Deleter"          daemon [_thread_blocked, id=1616, stack(0x0000005e3a800000,0x0000005e3a900000) (1024K)]
  0x000002400b3f54a0 JavaThread "Compiler Source File Reader" daemon [_thread_blocked, id=17540, stack(0x0000005e3a900000,0x0000005e3aa00000) (1024K)]
  0x000002400b3f5b30 JavaThread "Compiler Source File Reader" daemon [_thread_blocked, id=1608, stack(0x0000005e3aa00000,0x0000005e3ab00000) (1024K)]
  0x000002400b3f61c0 JavaThread "Compiler Source File Reader" daemon [_thread_blocked, id=10748, stack(0x0000005e3ab00000,0x0000005e3ac00000) (1024K)]
  0x000002400b3f1990 JavaThread "Compiler Source File Reader" daemon [_thread_blocked, id=20624, stack(0x0000005e3ac00000,0x0000005e3ad00000) (1024K)]
  0x000002400b3f6850 JavaThread "Compiler Source File Reader" daemon [_thread_blocked, id=1556, stack(0x0000005e3ad00000,0x0000005e3ae00000) (1024K)]
  0x000002400b3f1300 JavaThread "Compiler Source File Reader" daemon [_thread_blocked, id=20360, stack(0x0000005e3ae00000,0x0000005e3af00000) (1024K)]
  0x0000024009548930 JavaThread "Compiler Processing Task"   daemon [_thread_blocked, id=10788, stack(0x0000005e38b00000,0x0000005e38c00000) (1024K)]
  0x0000024009543a70 JavaThread "Compiler Class File Writer" daemon [_thread_blocked, id=3128, stack(0x0000005e3af00000,0x0000005e3b000000) (1024K)]
  0x0000024009547c10 JavaThread "Compiler Class File Writer" daemon [_thread_blocked, id=2032, stack(0x0000005e3b000000,0x0000005e3b100000) (1024K)]
  0x0000024009547580 JavaThread "Compiler Class File Writer" daemon [_thread_blocked, id=10932, stack(0x0000005e3b100000,0x0000005e3b200000) (1024K)]
  0x00000240095426c0 JavaThread "Compiler Class File Writer" daemon [_thread_blocked, id=22792, stack(0x0000005e3b200000,0x0000005e3b300000) (1024K)]
  0x0000024009545b40 JavaThread "Compiler Class File Writer" daemon [_thread_blocked, id=21456, stack(0x0000005e3b300000,0x0000005e3b400000) (1024K)]
  0x0000024009544100 JavaThread "ForkJoinPool.commonPool-worker-1" daemon [_thread_blocked, id=140, stack(0x0000005e3b400000,0x0000005e3b500000) (1024K)]
  0x00000240095461d0 JavaThread "ForkJoinPool.commonPool-worker-2" daemon [_thread_blocked, id=15928, stack(0x0000005e3b600000,0x0000005e3b700000) (1024K)]
  0x0000024009542d50 JavaThread "ForkJoinPool.commonPool-worker-3" daemon [_thread_blocked, id=18784, stack(0x0000005e3b700000,0x0000005e3b800000) (1024K)]
  0x0000024009546ef0 JavaThread "ForkJoinPool.commonPool-worker-4" daemon [_thread_blocked, id=21368, stack(0x0000005e3b800000,0x0000005e3b900000) (1024K)]
  0x0000024009549650 JavaThread "ForkJoinPool.commonPool-worker-5" daemon [_thread_blocked, id=6848, stack(0x0000005e3b900000,0x0000005e3ba00000) (1024K)]
  0x0000024009544790 JavaThread "ForkJoinPool.commonPool-worker-6" daemon [_thread_blocked, id=888, stack(0x0000005e3ba00000,0x0000005e3bb00000) (1024K)]
  0x00000240095482a0 JavaThread "ForkJoinPool.commonPool-worker-7" daemon [_thread_blocked, id=21820, stack(0x0000005e3bb00000,0x0000005e3bc00000) (1024K)]
  0x0000024009546860 JavaThread "PatternSearchJob-worker-1"  daemon [_thread_blocked, id=8332, stack(0x0000005e3bc00000,0x0000005e3bd00000) (1024K)]
  0x0000024009544e20 JavaThread "Cleaner-0"                  daemon [_thread_blocked, id=11416, stack(0x0000005e3bd00000,0x0000005e3be00000) (1024K)]
  0x00000240095454b0 JavaThread "PatternSearchJob-worker-3"  daemon [_thread_blocked, id=3448, stack(0x0000005e3be00000,0x0000005e3bf00000) (1024K)]
  0x000002400bf5bc40 JavaThread "PatternSearchJob-worker-2"  daemon [_thread_blocked, id=18116, stack(0x0000005e3bf00000,0x0000005e3c000000) (1024K)]
  0x000002400bf5ea30 JavaThread "PatternSearchJob-worker-4"  daemon [_thread_blocked, id=22076, stack(0x0000005e3c000000,0x0000005e3c100000) (1024K)]
  0x000002400bf5cff0 JavaThread "PatternSearchJob-worker-5"  daemon [_thread_blocked, id=13440, stack(0x0000005e3c100000,0x0000005e3c200000) (1024K)]
  0x000002400bf5fde0 JavaThread "PatternSearchJob-worker-6"  daemon [_thread_blocked, id=23408, stack(0x0000005e3c200000,0x0000005e3c300000) (1024K)]
  0x000002400bf5c2d0 JavaThread "PatternSearchJob-worker-7"  daemon [_thread_blocked, id=20908, stack(0x0000005e3c300000,0x0000005e3c400000) (1024K)]
  0x000002400bf5c960 JavaThread "Worker-6"                          [_thread_blocked, id=16144, stack(0x0000005e36c00000,0x0000005e36d00000) (1024K)]
=>0x000002400cf3a0d0 JavaThread "C2 CompilerThread1"         daemon [_thread_in_native, id=21308, stack(0x0000005e36d00000,0x0000005e36e00000) (1024K)]
Total: 72

Other Threads:
  0x0000023fc1fb3aa0 VMThread "VM Thread"                           [id=4972, stack(0x0000005e37200000,0x0000005e37300000) (1024K)]
  0x0000023fc1ecca00 WatcherThread "VM Periodic Task Thread"        [id=22588, stack(0x0000005e37100000,0x0000005e37200000) (1024K)]
  0x0000023fab5746f0 WorkerThread "GC Thread#0"                     [id=18300, stack(0x0000005e37000000,0x0000005e37100000) (1024K)]
  0x0000024009438230 WorkerThread "GC Thread#1"                     [id=8816, stack(0x0000005e37f00000,0x0000005e38000000) (1024K)]
  0x000002400971e570 WorkerThread "GC Thread#2"                     [id=2136, stack(0x0000005e38000000,0x0000005e38100000) (1024K)]
  0x00000240098c8800 WorkerThread "GC Thread#3"                     [id=17600, stack(0x0000005e38100000,0x0000005e38200000) (1024K)]
  0x00000240098c8bb0 WorkerThread "GC Thread#4"                     [id=17904, stack(0x0000005e38200000,0x0000005e38300000) (1024K)]
  0x00000240093e11d0 WorkerThread "GC Thread#5"                     [id=21732, stack(0x0000005e38300000,0x0000005e38400000) (1024K)]
  0x00000240093e1990 WorkerThread "GC Thread#6"                     [id=22024, stack(0x0000005e38400000,0x0000005e38500000) (1024K)]
  0x00000240096ed780 WorkerThread "GC Thread#7"                     [id=19216, stack(0x0000005e37d00000,0x0000005e37e00000) (1024K)]
Total: 10

Threads with active compile tasks:
C2 CompilerThread0  159918 14384       4       org.eclipse.jdt.internal.core.search.matching.JavaSearchNameEnvironment::indexPackageNames (117 bytes)
C2 CompilerThread1  159918 14379       4       org.eclipse.jdt.internal.compiler.parser.Parser::consumeToken (2260 bytes)
Total: 2

VM state: at safepoint (normal execution)

VM Mutex/Monitor currently owned by a thread:  ([mutex/lock_event])
[0x00007ffcad40f570] Threads_lock - owner thread: 0x0000023fc1fb3aa0
[0x00007ffcad40f670] Heap_lock - owner thread: 0x0000024009983080

Heap address: 0x0000000080000000, size: 2048 MB, Compressed Oops mode: 32-bit

CDS archive(s) mapped at: [0x0000023fc2000000-0x0000023fc2ba0000-0x0000023fc2ba0000), size 12189696, SharedBaseAddress: 0x0000023fc2000000, ArchiveRelocationMode: 1.
Compressed class space mapped at: 0x0000023fc3000000-0x0000024003000000, reserved size: 1073741824
Narrow klass base: 0x0000023fc2000000, Narrow klass shift: 0, Narrow klass range: 0x100000000

GC Precious Log:
 CardTable entry size: 512
 CPUs: 8 total, 8 available
 Memory: 7936M
 Large Page Support: Disabled
 NUMA Support: Disabled
 Compressed Oops: Enabled (32-bit)
 Alignments: Space 512K, Generation 512K, Heap 2M
 Heap Min Capacity: 100M
 Heap Initial Capacity: 100M
 Heap Max Capacity: 2G
 Pre-touch: Disabled
 Parallel Workers: 8

Heap:
 PSYoungGen      total 6144K, used 5844K [0x00000000d5580000, 0x00000000d5e80000, 0x0000000100000000)
  eden space 3072K, 100% used [0x00000000d5580000,0x00000000d5880000,0x00000000d5880000)
  from space 3072K, 90% used [0x00000000d5b80000,0x00000000d5e35388,0x00000000d5e80000)
  to   space 3072K, 33% used [0x00000000d5880000,0x00000000d597f658,0x00000000d5b80000)
 ParOldGen       total 654336K, used 654331K [0x0000000080000000, 0x00000000a7f00000, 0x00000000d5580000)
  object space 654336K, 99% used [0x0000000080000000,0x00000000a7efef60,0x00000000a7f00000)
 Metaspace       used 74518K, committed 76224K, reserved 1179648K
  class space    used 7799K, committed 8512K, reserved 1048576K

Card table byte_map: [0x0000023faaf10000,0x0000023fab320000] _byte_map_base: 0x0000023faab10000

Marking Bits: (ParMarkBitMap*) 0x00007ffcad414460
 Begin Bits: [0x0000023fbd9f0000, 0x0000023fbf9f0000)
 End Bits:   [0x0000023fbf9f0000, 0x0000023fc19f0000)

Polling page: 0x0000023faad00000

Metaspace:

Usage:
  Non-class:     65.15 MB used.
      Class:      7.62 MB used.
       Both:     72.77 MB used.

Virtual space:
  Non-class space:      128.00 MB reserved,      66.12 MB ( 52%) committed,  2 nodes.
      Class space:        1.00 GB reserved,       8.31 MB ( <1%) committed,  1 nodes.
             Both:        1.12 GB reserved,      74.44 MB (  6%) committed. 

Chunk freelists:
   Non-Class:  13.70 MB
       Class:  7.54 MB
        Both:  21.24 MB

MaxMetaspaceSize: unlimited
CompressedClassSpaceSize: 1.00 GB
Initial GC threshold: 21.00 MB
Current GC threshold: 98.12 MB
CDS: on
 - commit_granule_bytes: 65536.
 - commit_granule_words: 8192.
 - virtual_space_node_default_size: 8388608.
 - enlarge_chunks_in_place: 1.
 - use_allocation_guard: 0.


Internal statistics:

num_allocs_failed_limit: 13.
num_arena_births: 1416.
num_arena_deaths: 14.
num_vsnodes_births: 3.
num_vsnodes_deaths: 0.
num_space_committed: 1191.
num_space_uncommitted: 0.
num_chunks_returned_to_freelist: 27.
num_chunks_taken_from_freelist: 5217.
num_chunk_merges: 19.
num_chunk_splits: 3086.
num_chunks_enlarged: 1537.
num_inconsistent_stats: 0.

CodeHeap 'non-profiled nmethods': size=120000Kb used=10979Kb max_used=10979Kb free=109021Kb
 bounds [0x0000023fb6210000, 0x0000023fb6cd0000, 0x0000023fbd740000]
CodeHeap 'profiled nmethods': size=120000Kb used=31945Kb max_used=31945Kb free=88055Kb
 bounds [0x0000023fae740000, 0x0000023fb0680000, 0x0000023fb5c70000]
CodeHeap 'non-nmethods': size=5760Kb used=1477Kb max_used=1542Kb free=4282Kb
 bounds [0x0000023fb5c70000, 0x0000023fb5ee0000, 0x0000023fb6210000]
CodeCache: size=245760Kb, used=44401Kb, max_used=44466Kb, free=201358Kb
 total_blobs=14396, nmethods=13601, adapters=697, full_count=0
Compilation: enabled, stopped_count=0, restarted_count=0

Compilation events (20 events):
Event: 159.576 Thread 0x0000023fc1fd9200 nmethod 14376 0x0000023fb6cb2d90 code [0x0000023fb6cb2f20, 0x0000023fb6cb2fe8]
Event: 159.577 Thread 0x000002400cf3ae70 nmethod 14375 0x0000023fb6cb3090 code [0x0000023fb6cb3280, 0x0000023fb6cb3568]
Event: 159.577 Thread 0x0000023fc1fd9200 14377       1       org.eclipse.core.internal.resources.MarkerDelta::getKind (5 bytes)
Event: 159.578 Thread 0x0000023fc1fd9200 nmethod 14377 0x0000023fb6cb3890 code [0x0000023fb6cb3a20, 0x0000023fb6cb3ae8]
Event: 159.580 Thread 0x0000023fc1fd9200 14378       3       org.eclipse.core.internal.jobs.JobQueue::enqueue (83 bytes)
Event: 159.581 Thread 0x0000023fc1fd9200 nmethod 14378 0x0000023fb066d390 code [0x0000023fb066d5e0, 0x0000023fb066de80]
Event: 159.598 Thread 0x0000023fc1fd1330 nmethod 14364 0x0000023fb6cb3b90 code [0x0000023fb6cb3fa0, 0x0000023fb6cb5600]
Event: 159.611 Thread 0x000002400cf3a0d0 nmethod 14248 0x0000023fb6cb8a90 code [0x0000023fb6cb9780, 0x0000023fb6cc1b18]
Event: 159.834 Thread 0x000002400cf3a0d0 14379       4       org.eclipse.jdt.internal.compiler.parser.Parser::consumeToken (2260 bytes)
Event: 159.834 Thread 0x0000023fc1fd9200 14380       3       org.eclipse.jdt.internal.core.search.indexing.AbstractIndexer::addTypeReference (17 bytes)
Event: 159.835 Thread 0x0000023fc1fd9200 nmethod 14380 0x0000023fb066e210 code [0x0000023fb066e440, 0x0000023fb066ec70]
Event: 159.835 Thread 0x0000023fc1fd9200 14381       3       org.eclipse.jdt.internal.core.search.indexing.AbstractIndexer::addTypeReference (7 bytes)
Event: 159.836 Thread 0x0000023fc1fd9200 nmethod 14381 0x0000023fb066f010 code [0x0000023fb066f240, 0x0000023fb066fb38]
Event: 159.836 Thread 0x0000023fc1fd1330 14382       4       lombok.eclipse.EclipseAST::addIfNotNull (13 bytes)
Event: 159.842 Thread 0x0000023fc1fd1330 nmethod 14382 0x0000023fb6cc7f90 code [0x0000023fb6cc8160, 0x0000023fb6cc8548]
Event: 159.852 Thread 0x0000023fc1fd1330 14383   !   4       sun.nio.fs.WindowsPath::getPathForWin32Calls (147 bytes)
Event: 159.855 Thread 0x0000023fc1fd1330 nmethod 14383 0x0000023fb6cc8790 code [0x0000023fb6cc8920, 0x0000023fb6cc8a70]
Event: 159.856 Thread 0x0000023fc1fd1330 14384       4       org.eclipse.jdt.internal.core.search.matching.JavaSearchNameEnvironment::indexPackageNames (117 bytes)
Event: 159.861 Thread 0x0000023fc1fd9200 14385   !   3       org.eclipse.jdt.internal.core.JavaModelManager::getZipFile (185 bytes)
Event: 159.865 Thread 0x0000023fc1fd9200 nmethod 14385 0x0000023fb066ff10 code [0x0000023fb06702a0, 0x0000023fb0671898]

GC Heap History (20 events):
Event: 159.291 GC heap before
{Heap before GC invocations=302 (full 3):
 PSYoungGen      total 2048K, used 1565K [0x00000000d5580000, 0x00000000d5900000, 0x0000000100000000)
  eden space 1024K, 99% used [0x00000000d5580000,0x00000000d567fed0,0x00000000d5680000)
  from space 1024K, 52% used [0x00000000d5800000,0x00000000d5887698,0x00000000d5900000)
  to   space 1024K, 0% used [0x00000000d5700000,0x00000000d5700000,0x00000000d5800000)
 ParOldGen       total 585216K, used 585082K [0x0000000080000000, 0x00000000a3b80000, 0x00000000d5580000)
  object space 585216K, 99% used [0x0000000080000000,0x00000000a3b5ea58,0x00000000a3b80000)
 Metaspace       used 74423K, committed 76160K, reserved 1179648K
  class space    used 7793K, committed 8512K, reserved 1048576K
}
Event: 159.292 GC heap after
{Heap after GC invocations=302 (full 3):
 PSYoungGen      total 2560K, used 352K [0x00000000d5580000, 0x00000000d5880000, 0x0000000100000000)
  eden space 1536K, 0% used [0x00000000d5580000,0x00000000d5580000,0x00000000d5700000)
  from space 1024K, 34% used [0x00000000d5700000,0x00000000d5758000,0x00000000d5800000)
  to   space 512K, 0% used [0x00000000d5800000,0x00000000d5800000,0x00000000d5880000)
 ParOldGen       total 585728K, used 585465K [0x0000000080000000, 0x00000000a3c00000, 0x00000000d5580000)
  object space 585728K, 99% used [0x0000000080000000,0x00000000a3bbe5b8,0x00000000a3c00000)
 Metaspace       used 74423K, committed 76160K, reserved 1179648K
  class space    used 7793K, committed 8512K, reserved 1048576K
}
Event: 159.295 GC heap before
{Heap before GC invocations=303 (full 3):
 PSYoungGen      total 2560K, used 1888K [0x00000000d5580000, 0x00000000d5880000, 0x0000000100000000)
  eden space 1536K, 100% used [0x00000000d5580000,0x00000000d5700000,0x00000000d5700000)
  from space 1024K, 34% used [0x00000000d5700000,0x00000000d5758000,0x00000000d5800000)
  to   space 512K, 0% used [0x00000000d5800000,0x00000000d5800000,0x00000000d5880000)
 ParOldGen       total 585728K, used 585465K [0x0000000080000000, 0x00000000a3c00000, 0x00000000d5580000)
  object space 585728K, 99% used [0x0000000080000000,0x00000000a3bbe5b8,0x00000000a3c00000)
 Metaspace       used 74423K, committed 76160K, reserved 1179648K
  class space    used 7793K, committed 8512K, reserved 1048576K
}
Event: 159.296 GC heap after
{Heap after GC invocations=303 (full 3):
 PSYoungGen      total 2560K, used 398K [0x00000000d5580000, 0x00000000d5880000, 0x0000000100000000)
  eden space 2048K, 0% used [0x00000000d5580000,0x00000000d5580000,0x00000000d5780000)
  from space 512K, 77% used [0x00000000d5800000,0x00000000d5863ae0,0x00000000d5880000)
  to   space 512K, 0% used [0x00000000d5780000,0x00000000d5780000,0x00000000d5800000)
 ParOldGen       total 586240K, used 586075K [0x0000000080000000, 0x00000000a3c80000, 0x00000000d5580000)
  object space 586240K, 99% used [0x0000000080000000,0x00000000a3c56f88,0x00000000a3c80000)
 Metaspace       used 74423K, committed 76160K, reserved 1179648K
  class space    used 7793K, committed 8512K, reserved 1048576K
}
Event: 159.301 GC heap before
{Heap before GC invocations=304 (full 3):
 PSYoungGen      total 2560K, used 2446K [0x00000000d5580000, 0x00000000d5880000, 0x0000000100000000)
  eden space 2048K, 100% used [0x00000000d5580000,0x00000000d5780000,0x00000000d5780000)
  from space 512K, 77% used [0x00000000d5800000,0x00000000d5863ae0,0x00000000d5880000)
  to   space 512K, 0% used [0x00000000d5780000,0x00000000d5780000,0x00000000d5800000)
 ParOldGen       total 586240K, used 586075K [0x0000000080000000, 0x00000000a3c80000, 0x00000000d5580000)
  object space 586240K, 99% used [0x0000000080000000,0x00000000a3c56f88,0x00000000a3c80000)
 Metaspace       used 74426K, committed 76160K, reserved 1179648K
  class space    used 7793K, committed 8512K, reserved 1048576K
}
Event: 159.302 GC heap after
{Heap after GC invocations=304 (full 3):
 PSYoungGen      total 2560K, used 511K [0x00000000d5580000, 0x00000000d5b00000, 0x0000000100000000)
  eden space 2048K, 0% used [0x00000000d5580000,0x00000000d5580000,0x00000000d5780000)
  from space 512K, 99% used [0x00000000d5780000,0x00000000d57ffd90,0x00000000d5800000)
  to   space 1536K, 0% used [0x00000000d5980000,0x00000000d5980000,0x00000000d5b00000)
 ParOldGen       total 587264K, used 586777K [0x0000000080000000, 0x00000000a3d80000, 0x00000000d5580000)
  object space 587264K, 99% used [0x0000000080000000,0x00000000a3d06420,0x00000000a3d80000)
 Metaspace       used 74426K, committed 76160K, reserved 1179648K
  class space    used 7793K, committed 8512K, reserved 1048576K
}
Event: 159.312 GC heap before
{Heap before GC invocations=305 (full 3):
 PSYoungGen      total 2560K, used 2559K [0x00000000d5580000, 0x00000000d5b00000, 0x0000000100000000)
  eden space 2048K, 100% used [0x00000000d5580000,0x00000000d5780000,0x00000000d5780000)
  from space 512K, 99% used [0x00000000d5780000,0x00000000d57ffd90,0x00000000d5800000)
  to   space 1536K, 0% used [0x00000000d5980000,0x00000000d5980000,0x00000000d5b00000)
 ParOldGen       total 587264K, used 586777K [0x0000000080000000, 0x00000000a3d80000, 0x00000000d5580000)
  object space 587264K, 99% used [0x0000000080000000,0x00000000a3d06420,0x00000000a3d80000)
 Metaspace       used 74429K, committed 76160K, reserved 1179648K
  class space    used 7793K, committed 8512K, reserved 1048576K
}
Event: 159.314 GC heap after
{Heap after GC invocations=305 (full 3):
 PSYoungGen      total 3584K, used 831K [0x00000000d5580000, 0x00000000d5a80000, 0x0000000100000000)
  eden space 2560K, 0% used [0x00000000d5580000,0x00000000d5580000,0x00000000d5800000)
  from space 1024K, 81% used [0x00000000d5980000,0x00000000d5a4fff0,0x00000000d5a80000)
  to   space 1024K, 0% used [0x00000000d5880000,0x00000000d5880000,0x00000000d5980000)
 ParOldGen       total 587776K, used 587299K [0x0000000080000000, 0x00000000a3e00000, 0x00000000d5580000)
  object space 587776K, 99% used [0x0000000080000000,0x00000000a3d88f70,0x00000000a3e00000)
 Metaspace       used 74429K, committed 76160K, reserved 1179648K
  class space    used 7793K, committed 8512K, reserved 1048576K
}
Event: 159.319 GC heap before
{Heap before GC invocations=306 (full 3):
 PSYoungGen      total 3584K, used 3391K [0x00000000d5580000, 0x00000000d5a80000, 0x0000000100000000)
  eden space 2560K, 100% used [0x00000000d5580000,0x00000000d5800000,0x00000000d5800000)
  from space 1024K, 81% used [0x00000000d5980000,0x00000000d5a4fff0,0x00000000d5a80000)
  to   space 1024K, 0% used [0x00000000d5880000,0x00000000d5880000,0x00000000d5980000)
 ParOldGen       total 587776K, used 587299K [0x0000000080000000, 0x00000000a3e00000, 0x00000000d5580000)
  object space 587776K, 99% used [0x0000000080000000,0x00000000a3d88f70,0x00000000a3e00000)
 Metaspace       used 74437K, committed 76160K, reserved 1179648K
  class space    used 7793K, committed 8512K, reserved 1048576K
}
Event: 159.322 GC heap after
{Heap after GC invocations=306 (full 3):
 PSYoungGen      total 4096K, used 704K [0x00000000d5580000, 0x00000000d5a80000, 0x0000000100000000)
  eden space 3072K, 0% used [0x00000000d5580000,0x00000000d5580000,0x00000000d5880000)
  from space 1024K, 68% used [0x00000000d5880000,0x00000000d5930000,0x00000000d5980000)
  to   space 1024K, 0% used [0x00000000d5980000,0x00000000d5980000,0x00000000d5a80000)
 ParOldGen       total 588288K, used 588013K [0x0000000080000000, 0x00000000a3e80000, 0x00000000d5580000)
  object space 588288K, 99% used [0x0000000080000000,0x00000000a3e3b660,0x00000000a3e80000)
 Metaspace       used 74437K, committed 76160K, reserved 1179648K
  class space    used 7793K, committed 8512K, reserved 1048576K
}
Event: 159.366 GC heap before
{Heap before GC invocations=307 (full 3):
 PSYoungGen      total 4096K, used 3776K [0x00000000d5580000, 0x00000000d5a80000, 0x0000000100000000)
  eden space 3072K, 100% used [0x00000000d5580000,0x00000000d5880000,0x00000000d5880000)
  from space 1024K, 68% used [0x00000000d5880000,0x00000000d5930000,0x00000000d5980000)
  to   space 1024K, 0% used [0x00000000d5980000,0x00000000d5980000,0x00000000d5a80000)
 ParOldGen       total 588288K, used 588013K [0x0000000080000000, 0x00000000a3e80000, 0x00000000d5580000)
  object space 588288K, 99% used [0x0000000080000000,0x00000000a3e3b660,0x00000000a3e80000)
 Metaspace       used 74460K, committed 76160K, reserved 1179648K
  class space    used 7793K, committed 8512K, reserved 1048576K
}
Event: 159.368 GC heap after
{Heap after GC invocations=307 (full 3):
 PSYoungGen      total 4096K, used 512K [0x00000000d5580000, 0x00000000d5b80000, 0x0000000100000000)
  eden space 3072K, 0% used [0x00000000d5580000,0x00000000d5580000,0x00000000d5880000)
  from space 1024K, 50% used [0x00000000d5980000,0x00000000d5a00000,0x00000000d5a80000)
  to   space 1024K, 0% used [0x00000000d5880000,0x00000000d5880000,0x00000000d5980000)
 ParOldGen       total 588800K, used 588533K [0x0000000080000000, 0x00000000a3f00000, 0x00000000d5580000)
  object space 588800K, 99% used [0x0000000080000000,0x00000000a3ebd660,0x00000000a3f00000)
 Metaspace       used 74460K, committed 76160K, reserved 1179648K
  class space    used 7793K, committed 8512K, reserved 1048576K
}
Event: 159.466 GC heap before
{Heap before GC invocations=308 (full 3):
 PSYoungGen      total 4096K, used 3584K [0x00000000d5580000, 0x00000000d5b80000, 0x0000000100000000)
  eden space 3072K, 100% used [0x00000000d5580000,0x00000000d5880000,0x00000000d5880000)
  from space 1024K, 50% used [0x00000000d5980000,0x00000000d5a00000,0x00000000d5a80000)
  to   space 1024K, 0% used [0x00000000d5880000,0x00000000d5880000,0x00000000d5980000)
 ParOldGen       total 588800K, used 588533K [0x0000000080000000, 0x00000000a3f00000, 0x00000000d5580000)
  object space 588800K, 99% used [0x0000000080000000,0x00000000a3ebd660,0x00000000a3f00000)
 Metaspace       used 74506K, committed 76224K, reserved 1179648K
  class space    used 7799K, committed 8512K, reserved 1048576K
}
Event: 159.468 GC heap after
{Heap after GC invocations=308 (full 3):
 PSYoungGen      total 4096K, used 800K [0x00000000d5580000, 0x00000000d5a80000, 0x0000000100000000)
  eden space 3072K, 0% used [0x00000000d5580000,0x00000000d5580000,0x00000000d5880000)
  from space 1024K, 78% used [0x00000000d5880000,0x00000000d5948000,0x00000000d5980000)
  to   space 1024K, 0% used [0x00000000d5980000,0x00000000d5980000,0x00000000d5a80000)
 ParOldGen       total 589312K, used 588941K [0x0000000080000000, 0x00000000a3f80000, 0x00000000d5580000)
  object space 589312K, 99% used [0x0000000080000000,0x00000000a3f23660,0x00000000a3f80000)
 Metaspace       used 74506K, committed 76224K, reserved 1179648K
  class space    used 7799K, committed 8512K, reserved 1048576K
}
Event: 159.839 GC heap before
{Heap before GC invocations=309 (full 3):
 PSYoungGen      total 4096K, used 3872K [0x00000000d5580000, 0x00000000d5a80000, 0x0000000100000000)
  eden space 3072K, 100% used [0x00000000d5580000,0x00000000d5880000,0x00000000d5880000)
  from space 1024K, 78% used [0x00000000d5880000,0x00000000d5948000,0x00000000d5980000)
  to   space 1024K, 0% used [0x00000000d5980000,0x00000000d5980000,0x00000000d5a80000)
 ParOldGen       total 652800K, used 650381K [0x0000000080000000, 0x00000000a7d80000, 0x00000000d5580000)
  object space 652800K, 99% used [0x0000000080000000,0x00000000a7b236c0,0x00000000a7d80000)
 Metaspace       used 74517K, committed 76224K, reserved 1179648K
  class space    used 7799K, committed 8512K, reserved 1048576K
}
Event: 159.841 GC heap after
{Heap after GC invocations=309 (full 3):
 PSYoungGen      total 3584K, used 256K [0x00000000d5580000, 0x00000000d5a00000, 0x0000000100000000)
  eden space 3072K, 0% used [0x00000000d5580000,0x00000000d5580000,0x00000000d5880000)
  from space 512K, 50% used [0x00000000d5980000,0x00000000d59c0000,0x00000000d5a00000)
  to   space 512K, 0% used [0x00000000d5900000,0x00000000d5900000,0x00000000d5980000)
 ParOldGen       total 652800K, used 650933K [0x0000000080000000, 0x00000000a7d80000, 0x00000000d5580000)
  object space 652800K, 99% used [0x0000000080000000,0x00000000a7bad6c0,0x00000000a7d80000)
 Metaspace       used 74517K, committed 76224K, reserved 1179648K
  class space    used 7799K, committed 8512K, reserved 1048576K
}
Event: 159.852 GC heap before
{Heap before GC invocations=310 (full 3):
 PSYoungGen      total 3584K, used 2922K [0x00000000d5580000, 0x00000000d5a00000, 0x0000000100000000)
  eden space 3072K, 86% used [0x00000000d5580000,0x00000000d581a8e8,0x00000000d5880000)
  from space 512K, 50% used [0x00000000d5980000,0x00000000d59c0000,0x00000000d5a00000)
  to   space 512K, 0% used [0x00000000d5900000,0x00000000d5900000,0x00000000d5980000)
 ParOldGen       total 652800K, used 650933K [0x0000000080000000, 0x00000000a7d80000, 0x00000000d5580000)
  object space 652800K, 99% used [0x0000000080000000,0x00000000a7bad6c0,0x00000000a7d80000)
 Metaspace       used 74517K, committed 76224K, reserved 1179648K
  class space    used 7799K, committed 8512K, reserved 1048576K
}
Event: 159.854 GC heap after
{Heap after GC invocations=310 (full 3):
 PSYoungGen      total 3584K, used 510K [0x00000000d5580000, 0x00000000d5e80000, 0x0000000100000000)
  eden space 3072K, 0% used [0x00000000d5580000,0x00000000d5580000,0x00000000d5880000)
  from space 512K, 99% used [0x00000000d5900000,0x00000000d597fac0,0x00000000d5980000)
  to   space 3072K, 0% used [0x00000000d5b80000,0x00000000d5b80000,0x00000000d5e80000)
 ParOldGen       total 652800K, used 652782K [0x0000000080000000, 0x00000000a7d80000, 0x00000000d5580000)
  object space 652800K, 99% used [0x0000000080000000,0x00000000a7d7bb48,0x00000000a7d80000)
 Metaspace       used 74517K, committed 76224K, reserved 1179648K
  class space    used 7799K, committed 8512K, reserved 1048576K
}
Event: 159.862 GC heap before
{Heap before GC invocations=311 (full 3):
 PSYoungGen      total 3584K, used 3542K [0x00000000d5580000, 0x00000000d5e80000, 0x0000000100000000)
  eden space 3072K, 98% used [0x00000000d5580000,0x00000000d5875e90,0x00000000d5880000)
  from space 512K, 99% used [0x00000000d5900000,0x00000000d597fac0,0x00000000d5980000)
  to   space 3072K, 0% used [0x00000000d5b80000,0x00000000d5b80000,0x00000000d5e80000)
 ParOldGen       total 652800K, used 652782K [0x0000000080000000, 0x00000000a7d80000, 0x00000000d5580000)
  object space 652800K, 99% used [0x0000000080000000,0x00000000a7d7bb48,0x00000000a7d80000)
 Metaspace       used 74517K, committed 76224K, reserved 1179648K
  class space    used 7799K, committed 8512K, reserved 1048576K
}
Event: 159.864 GC heap after
{Heap after GC invocations=311 (full 3):
 PSYoungGen      total 6144K, used 2772K [0x00000000d5580000, 0x00000000d5e80000, 0x0000000100000000)
  eden space 3072K, 0% used [0x00000000d5580000,0x00000000d5580000,0x00000000d5880000)
  from space 3072K, 90% used [0x00000000d5b80000,0x00000000d5e35388,0x00000000d5e80000)
  to   space 3072K, 0% used [0x00000000d5880000,0x00000000d5880000,0x00000000d5b80000)
 ParOldGen       total 653312K, used 653270K [0x0000000080000000, 0x00000000a7e00000, 0x00000000d5580000)
  object space 653312K, 99% used [0x0000000080000000,0x00000000a7df5898,0x00000000a7e00000)
 Metaspace       used 74517K, committed 76224K, reserved 1179648K
  class space    used 7799K, committed 8512K, reserved 1048576K
}

Dll operation events (10 events):
Event: 0.019 Loaded shared library c:\Users\sharanu malipatil\.vscode\extensions\redhat.java-1.55.0-win32-x64\jre\21.0.11-win32-x86_64\bin\java.dll
Event: 0.166 Loaded shared library c:\Users\sharanu malipatil\.vscode\extensions\redhat.java-1.55.0-win32-x64\jre\21.0.11-win32-x86_64\bin\zip.dll
Event: 0.227 Loaded shared library C:\Users\sharanu malipatil\.vscode\extensions\redhat.java-1.55.0-win32-x64\jre\21.0.11-win32-x86_64\bin\instrument.dll
Event: 0.245 Loaded shared library C:\Users\sharanu malipatil\.vscode\extensions\redhat.java-1.55.0-win32-x64\jre\21.0.11-win32-x86_64\bin\net.dll
Event: 0.250 Loaded shared library C:\Users\sharanu malipatil\.vscode\extensions\redhat.java-1.55.0-win32-x64\jre\21.0.11-win32-x86_64\bin\nio.dll
Event: 0.261 Loaded shared library C:\Users\sharanu malipatil\.vscode\extensions\redhat.java-1.55.0-win32-x64\jre\21.0.11-win32-x86_64\bin\zip.dll
Event: 0.310 Loaded shared library C:\Users\sharanu malipatil\.vscode\extensions\redhat.java-1.55.0-win32-x64\jre\21.0.11-win32-x86_64\bin\jimage.dll
Event: 0.490 Loaded shared library c:\Users\sharanu malipatil\.vscode\extensions\redhat.java-1.55.0-win32-x64\jre\21.0.11-win32-x86_64\bin\verify.dll
Event: 2.602 Loaded shared library C:\Users\sharanu malipatil\AppData\Roaming\Code\User\globalStorage\redhat.java\1.55.0\config_win\org.eclipse.equinox.launcher\org.eclipse.equinox.launcher.win32.win32.x86_64_1.3.100.v20260613-0559\eclipse_11924.dll
Event: 6.067 Loaded shared library C:\Users\sharanu malipatil\AppData\Local\Temp\jna-1279361495\jna14128250151104109537.dll

Deoptimization events (20 events):
Event: 159.262 Thread 0x0000024009546ef0 Uncommon trap: trap_request=0xffffffd6 fr.pc=0x0000023fb6c5ca98 relative=0x00000000000007f8
Event: 159.262 Thread 0x0000024009546ef0 Uncommon trap: reason=array_check action=maybe_recompile pc=0x0000023fb6c5ca98 method=com.google.gson.internal.GsonTypes$ParameterizedTypeImpl.<init>(Ljava/lang/reflect/Type;Ljava/lang/Class;[Ljava/lang/reflect/Type;)V @ 136 c2
Event: 159.262 Thread 0x0000024009546ef0 DEOPT PACKING pc=0x0000023fb6c5ca98 sp=0x0000005e3b8fe740
Event: 159.262 Thread 0x0000024009546ef0 DEOPT UNPACKING pc=0x0000023fb5cc3aa2 sp=0x0000005e3b8fe670 mode 2
Event: 159.348 Thread 0x0000024009548930 Uncommon trap: trap_request=0xffffff45 fr.pc=0x0000023fb6a3b630 relative=0x0000000000000090
Event: 159.348 Thread 0x0000024009548930 Uncommon trap: reason=unstable_if action=reinterpret pc=0x0000023fb6a3b630 method=org.eclipse.jdt.internal.compiler.util.Util.effectivelyEqual([Ljava/lang/Object;[Ljava/lang/Object;)Z @ 56 c2
Event: 159.348 Thread 0x0000024009548930 DEOPT PACKING pc=0x0000023fb6a3b630 sp=0x0000005e38bfe3d0
Event: 159.348 Thread 0x0000024009548930 DEOPT UNPACKING pc=0x0000023fb5cc3aa2 sp=0x0000005e38bfe350 mode 2
Event: 159.358 Thread 0x0000024009548930 Uncommon trap: trap_request=0xffffffc6 fr.pc=0x0000023fb6999db4 relative=0x00000000000000b4
Event: 159.358 Thread 0x0000024009548930 Uncommon trap: reason=bimorphic_or_optimized_type_check action=maybe_recompile pc=0x0000023fb6999db4 method=org.eclipse.jdt.internal.compiler.lookup.LookupEnvironment.convertUnresolvedBinaryToRawType(Lorg/eclipse/jdt/internal/compiler/lookup/TypeBinding;)
Event: 159.358 Thread 0x0000024009548930 DEOPT PACKING pc=0x0000023fb6999db4 sp=0x0000005e38bfdfb0
Event: 159.358 Thread 0x0000024009548930 DEOPT UNPACKING pc=0x0000023fb5cc3aa2 sp=0x0000005e38bfdf40 mode 2
Event: 159.425 Thread 0x000002400b3f6ee0 Uncommon trap: trap_request=0xffffffd6 fr.pc=0x0000023fb6c5ca98 relative=0x00000000000007f8
Event: 159.425 Thread 0x000002400b3f6ee0 Uncommon trap: reason=array_check action=maybe_recompile pc=0x0000023fb6c5ca98 method=com.google.gson.internal.GsonTypes$ParameterizedTypeImpl.<init>(Ljava/lang/reflect/Type;Ljava/lang/Class;[Ljava/lang/reflect/Type;)V @ 136 c2
Event: 159.425 Thread 0x000002400b3f6ee0 DEOPT PACKING pc=0x0000023fb6c5ca98 sp=0x0000005e3a0fe6b0
Event: 159.425 Thread 0x000002400b3f6ee0 DEOPT UNPACKING pc=0x0000023fb5cc3aa2 sp=0x0000005e3a0fe5e0 mode 2
Event: 159.546 Thread 0x0000024009980fb0 DEOPT PACKING pc=0x0000023fb04989c3 sp=0x0000005e38ffd5c0
Event: 159.546 Thread 0x0000024009980fb0 DEOPT UNPACKING pc=0x0000023fb5cc4242 sp=0x0000005e38ffcad0 mode 0
Event: 159.548 Thread 0x0000024009980fb0 DEOPT PACKING pc=0x0000023fb04989c3 sp=0x0000005e38ffd3d0
Event: 159.548 Thread 0x0000024009980fb0 DEOPT UNPACKING pc=0x0000023fb5cc4242 sp=0x0000005e38ffc8e0 mode 0

Classes loaded (20 events):
Event: 32.443 Loading class sun/util/resources/cldr/TimeZoneNames_en_US
Event: 32.443 Loading class sun/util/resources/cldr/TimeZoneNames_en_US done
Event: 55.696 Loading class com/sun/org/apache/xerces/internal/util/URI
Event: 55.697 Loading class com/sun/org/apache/xerces/internal/util/URI done
Event: 55.701 Loading class org/xml/sax/SAXNotRecognizedException
Event: 55.701 Loading class org/xml/sax/SAXNotRecognizedException done
Event: 55.701 Loading class org/xml/sax/SAXNotSupportedException
Event: 55.701 Loading class org/xml/sax/SAXNotSupportedException done
Event: 55.703 Loading class com/sun/org/apache/xerces/internal/xni/XNIException
Event: 55.703 Loading class com/sun/org/apache/xerces/internal/xni/XNIException done
Event: 55.705 Loading class com/sun/org/apache/xerces/internal/xni/parser/XMLParseException
Event: 55.705 Loading class com/sun/org/apache/xerces/internal/xni/parser/XMLParseException done
Event: 121.114 Loading class java/util/function/IntPredicate
Event: 121.114 Loading class java/util/function/IntPredicate done
Event: 121.125 Loading class java/util/regex/Pattern$Bound
Event: 121.125 Loading class java/util/regex/Pattern$Bound done
Event: 133.670 Loading class java/util/concurrent/ConcurrentHashMap$TreeNode
Event: 133.671 Loading class java/util/concurrent/ConcurrentHashMap$TreeNode done
Event: 133.671 Loading class java/util/concurrent/ConcurrentHashMap$TreeBin
Event: 133.672 Loading class java/util/concurrent/ConcurrentHashMap$TreeBin done

Classes unloaded (7 events):
Event: 6.649 Thread 0x0000023fc1fb3aa0 Unloading class 0x0000023fc31a4c00 'java/lang/invoke/LambdaForm$MH+0x0000023fc31a4c00'
Event: 6.649 Thread 0x0000023fc1fb3aa0 Unloading class 0x0000023fc31a4800 'java/lang/invoke/LambdaForm$MH+0x0000023fc31a4800'
Event: 6.649 Thread 0x0000023fc1fb3aa0 Unloading class 0x0000023fc31a4400 'java/lang/invoke/LambdaForm$MH+0x0000023fc31a4400'
Event: 6.649 Thread 0x0000023fc1fb3aa0 Unloading class 0x0000023fc31a4000 'java/lang/invoke/LambdaForm$MH+0x0000023fc31a4000'
Event: 6.649 Thread 0x0000023fc1fb3aa0 Unloading class 0x0000023fc31a3c00 'java/lang/invoke/LambdaForm$BMH+0x0000023fc31a3c00'
Event: 6.649 Thread 0x0000023fc1fb3aa0 Unloading class 0x0000023fc31a3800 'java/lang/invoke/LambdaForm$DMH+0x0000023fc31a3800'
Event: 6.649 Thread 0x0000023fc1fb3aa0 Unloading class 0x0000023fc31a2400 'java/lang/invoke/LambdaForm$DMH+0x0000023fc31a2400'

Classes redefined (0 events):
No events

Internal exceptions (20 events):
Event: 159.297 Thread 0x0000024009548930 Exception <a 'java/lang/NullPointerException'{0x00000000d5656128}> (0x00000000d5656128) 
thrown [s\src\hotspot\share\interpreter\linkResolver.cpp, line 1372]
Event: 159.297 Thread 0x0000024009548930 Exception <a 'java/lang/NullPointerException'{0x00000000d5656560}> (0x00000000d5656560) 
thrown [s\src\hotspot\share\interpreter\linkResolver.cpp, line 1372]
Event: 159.363 Thread 0x0000024009548930 Exception <a 'java/lang/NullPointerException'{0x00000000d5833f28}> (0x00000000d5833f28) 
thrown [s\src\hotspot\share\interpreter\linkResolver.cpp, line 1372]
Event: 159.363 Thread 0x0000024009548930 Exception <a 'java/lang/NullPointerException'{0x00000000d5834360}> (0x00000000d5834360) 
thrown [s\src\hotspot\share\interpreter\linkResolver.cpp, line 1372]
Event: 159.363 Thread 0x0000024009548930 Exception <a 'java/lang/NullPointerException'{0x00000000d5834ad0}> (0x00000000d5834ad0) 
thrown [s\src\hotspot\share\interpreter\linkResolver.cpp, line 1372]
Event: 159.363 Thread 0x0000024009548930 Exception <a 'java/lang/NullPointerException'{0x00000000d58350e0}> (0x00000000d58350e0) 
thrown [s\src\hotspot\share\interpreter\linkResolver.cpp, line 1372]
Event: 159.363 Thread 0x0000024009548930 Exception <a 'java/lang/NullPointerException'{0x00000000d5835948}> (0x00000000d5835948) 
thrown [s\src\hotspot\share\interpreter\linkResolver.cpp, line 1372]
Event: 159.363 Thread 0x0000024009548930 Exception <a 'java/lang/NullPointerException'{0x00000000d583b190}> (0x00000000d583b190) 
thrown [s\src\hotspot\share\interpreter\linkResolver.cpp, line 1372]
Event: 159.835 Thread 0x0000024009983080 Exception <a 'java/lang/NullPointerException'{0x00000000d57e65e0}> (0x00000000d57e65e0) 
thrown [s\src\hotspot\share\interpreter\linkResolver.cpp, line 1372]
Event: 159.835 Thread 0x0000024009983080 Exception <a 'java/lang/NullPointerException'{0x00000000d57e6ab0}> (0x00000000d57e6ab0) 
thrown [s\src\hotspot\share\interpreter\linkResolver.cpp, line 1372]
Event: 159.835 Thread 0x0000024009983080 Exception <a 'java/lang/NullPointerException'{0x00000000d57e7288}> (0x00000000d57e7288) 
thrown [s\src\hotspot\share\interpreter\linkResolver.cpp, line 1372]
Event: 159.835 Thread 0x0000024009983080 Exception <a 'java/lang/NullPointerException'{0x00000000d57e7858}> (0x00000000d57e7858) 
thrown [s\src\hotspot\share\interpreter\linkResolver.cpp, line 1372]
Event: 159.835 Thread 0x0000024009983080 Exception <a 'java/lang/NullPointerException'{0x00000000d57e9608}> (0x00000000d57e9608) 
thrown [s\src\hotspot\share\interpreter\linkResolver.cpp, line 1372]
Event: 159.835 Thread 0x0000024009983080 Exception <a 'java/lang/NullPointerException'{0x00000000d57e9a60}> (0x00000000d57e9a60) 
thrown [s\src\hotspot\share\interpreter\linkResolver.cpp, line 1372]
Event: 159.836 Thread 0x0000024009983080 Exception <a 'java/lang/NullPointerException'{0x00000000d57f9598}> (0x00000000d57f9598) 
thrown [s\src\hotspot\share\interpreter\linkResolver.cpp, line 1372]
Event: 159.836 Thread 0x0000024009983080 Exception <a 'java/lang/NullPointerException'{0x00000000d57f99d0}> (0x00000000d57f99d0) 
thrown [s\src\hotspot\share\interpreter\linkResolver.cpp, line 1372]
Event: 159.836 Thread 0x0000024009983080 Exception <a 'java/lang/NullPointerException'{0x00000000d57fa140}> (0x00000000d57fa140) 
thrown [s\src\hotspot\share\interpreter\linkResolver.cpp, line 1372]
Event: 159.836 Thread 0x0000024009983080 Exception <a 'java/lang/NullPointerException'{0x00000000d57fa750}> (0x00000000d57fa750) 
thrown [s\src\hotspot\share\interpreter\linkResolver.cpp, line 1372]
Event: 159.836 Thread 0x0000024009983080 Exception <a 'java/lang/NullPointerException'{0x00000000d57fc4c0}> (0x00000000d57fc4c0) 
thrown [s\src\hotspot\share\interpreter\linkResolver.cpp, line 1372]
Event: 159.836 Thread 0x0000024009983080 Exception <a 'java/lang/NullPointerException'{0x00000000d57fc8f8}> (0x00000000d57fc8f8) 
thrown [s\src\hotspot\share\interpreter\linkResolver.cpp, line 1372]

ZGC Phase Switch (0 events):
No events

VM Operations (20 events):
Event: 159.290 Executing safepoint VM operation: ParallelGCFailedAllocation (Allocation Failure)
Event: 159.292 Executing safepoint VM operation: ParallelGCFailedAllocation (Allocation Failure) done
Event: 159.294 Executing safepoint VM operation: ParallelGCFailedAllocation (Allocation Failure)
Event: 159.296 Executing safepoint VM operation: ParallelGCFailedAllocation (Allocation Failure) done
Event: 159.301 Executing safepoint VM operation: ParallelGCFailedAllocation (Allocation Failure)
Event: 159.302 Executing safepoint VM operation: ParallelGCFailedAllocation (Allocation Failure) done
Event: 159.312 Executing safepoint VM operation: ParallelGCFailedAllocation (Allocation Failure)
Event: 159.314 Executing safepoint VM operation: ParallelGCFailedAllocation (Allocation Failure) done
Event: 159.319 Executing safepoint VM operation: ParallelGCFailedAllocation (Allocation Failure)
Event: 159.322 Executing safepoint VM operation: ParallelGCFailedAllocation (Allocation Failure) done
Event: 159.366 Executing safepoint VM operation: ParallelGCFailedAllocation (Allocation Failure)
Event: 159.368 Executing safepoint VM operation: ParallelGCFailedAllocation (Allocation Failure) done
Event: 159.466 Executing safepoint VM operation: ParallelGCFailedAllocation (Allocation Failure)
Event: 159.468 Executing safepoint VM operation: ParallelGCFailedAllocation (Allocation Failure) done
Event: 159.839 Executing safepoint VM operation: ParallelGCFailedAllocation (Allocation Failure)
Event: 159.841 Executing safepoint VM operation: ParallelGCFailedAllocation (Allocation Failure) done
Event: 159.852 Executing safepoint VM operation: ParallelGCFailedAllocation (Allocation Failure)
Event: 159.854 Executing safepoint VM operation: ParallelGCFailedAllocation (Allocation Failure) done
Event: 159.862 Executing safepoint VM operation: ParallelGCFailedAllocation (Allocation Failure)
Event: 159.864 Executing safepoint VM operation: ParallelGCFailedAllocation (Allocation Failure) done

Memory protections (0 events):
No events

Nmethod flushes (20 events):
Event: 15.308 Thread 0x0000023fc1fb3aa0 flushing  nmethod 0x0000023faeff9210
Event: 15.308 Thread 0x0000023fc1fb3aa0 flushing  nmethod 0x0000023faeffa110
Event: 15.308 Thread 0x0000023fc1fb3aa0 flushing  nmethod 0x0000023faf009190
Event: 15.308 Thread 0x0000023fc1fb3aa0 flushing  nmethod 0x0000023faf009b10
Event: 15.308 Thread 0x0000023fc1fb3aa0 flushing  nmethod 0x0000023faf00fa90
Event: 15.308 Thread 0x0000023fc1fb3aa0 flushing  nmethod 0x0000023faf00fe10
Event: 15.308 Thread 0x0000023fc1fb3aa0 flushing  nmethod 0x0000023faf010190
Event: 15.308 Thread 0x0000023fc1fb3aa0 flushing  nmethod 0x0000023faf010c90
Event: 15.308 Thread 0x0000023fc1fb3aa0 flushing osr nmethod 0x0000023faf02c910
Event: 15.308 Thread 0x0000023fc1fb3aa0 flushing  nmethod 0x0000023faf05f290
Event: 15.308 Thread 0x0000023fc1fb3aa0 flushing  nmethod 0x0000023faf06cf90
Event: 15.308 Thread 0x0000023fc1fb3aa0 flushing  nmethod 0x0000023faf06d590
Event: 15.308 Thread 0x0000023fc1fb3aa0 flushing  nmethod 0x0000023faf06de10
Event: 15.308 Thread 0x0000023fc1fb3aa0 flushing  nmethod 0x0000023faf06eb10
Event: 15.308 Thread 0x0000023fc1fb3aa0 flushing  nmethod 0x0000023faf070010
Event: 15.308 Thread 0x0000023fc1fb3aa0 flushing  nmethod 0x0000023faf082010
Event: 15.308 Thread 0x0000023fc1fb3aa0 flushing  nmethod 0x0000023faf08b410
Event: 15.308 Thread 0x0000023fc1fb3aa0 flushing  nmethod 0x0000023faf091910
Event: 15.308 Thread 0x0000023fc1fb3aa0 flushing  nmethod 0x0000023faf0d1190
Event: 15.308 Thread 0x0000023fc1fb3aa0 flushing  nmethod 0x0000023faf0e0610

Events (20 events):
Event: 55.166 Thread 0x0000023fc1fd9200 Thread added: 0x000002400cf37120
Event: 55.460 Thread 0x000002400cf37120 Thread exited: 0x000002400cf37120
Event: 55.460 Thread 0x000002400cf37ec0 Thread exited: 0x000002400cf37ec0
Event: 55.710 Thread 0x0000023fc1fd9200 Thread added: 0x000002400cf34f10
Event: 55.710 Thread 0x0000023fc1fd9200 Thread added: 0x000002400cf36a50
Event: 56.205 Thread 0x000002400cf36a50 Thread exited: 0x000002400cf36a50
Event: 56.513 Thread 0x000002400cf34f10 Thread exited: 0x000002400cf34f10
Event: 58.635 Thread 0x0000023fc1fd1330 Thread added: 0x000002400cf36a50
Event: 63.402 Thread 0x000002400cf36a50 Thread exited: 0x000002400cf36a50
Event: 67.454 Thread 0x0000023fc1fd9200 Thread added: 0x000002400cf36a50
Event: 68.446 Thread 0x000002400cf36a50 Thread exited: 0x000002400cf36a50
Event: 82.483 Thread 0x000002400b3f2d40 Thread exited: 0x000002400b3f2d40
Event: 112.593 Thread 0x0000023fc1fd9200 Thread added: 0x000002400cf377f0
Event: 117.964 Thread 0x000002400cf377f0 Thread exited: 0x000002400cf377f0
Event: 119.181 Thread 0x0000024009982360 Thread exited: 0x0000024009982360
Event: 134.246 Thread 0x0000024009983da0 Thread added: 0x000002400bf5c960
Event: 142.484 Thread 0x000002400b3f4780 Thread exited: 0x000002400b3f4780
Event: 159.323 Thread 0x0000023fc1fd9200 Thread added: 0x000002400cf3a0d0
Event: 159.376 Thread 0x0000023fc1fd9200 Thread added: 0x000002400cf3ae70
Event: 159.834 Thread 0x000002400cf3ae70 Thread exited: 0x000002400cf3ae70


Dynamic libraries:
0x00007ff6be820000 - 0x00007ff6be82e000 	c:\Users\sharanu malipatil\.vscode\extensions\redhat.java-1.55.0-win32-x64\jre\21.0.11-win32-x86_64\bin\java.exe
0x00007ffdaf450000 - 0x00007ffdaf668000 	C:\WINDOWS\SYSTEM32\ntdll.dll
0x00007ffdaf260000 - 0x00007ffdaf324000 	C:\WINDOWS\System32\KERNEL32.DLL
0x00007ffdac630000 - 0x00007ffdaca03000 	C:\WINDOWS\System32\KERNELBASE.dll
0x00007ffdacf20000 - 0x00007ffdad031000 	C:\WINDOWS\System32\ucrtbase.dll
0x00007ffda1850000 - 0x00007ffda1868000 	c:\Users\sharanu malipatil\.vscode\extensions\redhat.java-1.55.0-win32-x64\jre\21.0.11-win32-x86_64\bin\jli.dll
0x00007ffd8ec30000 - 0x00007ffd8ec4e000 	c:\Users\sharanu malipatil\.vscode\extensions\redhat.java-1.55.0-win32-x64\jre\21.0.11-win32-x86_64\bin\VCRUNTIME140.dll
0x00007ffdad540000 - 0x00007ffdad6f2000 	C:\WINDOWS\System32\USER32.dll
0x00007ffdad0c0000 - 0x00007ffdad0e6000 	C:\WINDOWS\System32\win32u.dll
0x00007ffd9b690000 - 0x00007ffd9b92c000 	C:\WINDOWS\WinSxS\amd64_microsoft.windows.common-controls_6595b64144ccf1df_6.0.22621.6060_none_2712eda17382d24b\COMCTL32.dll
0x00007ffdaf330000 - 0x00007ffdaf359000 	C:\WINDOWS\System32\GDI32.dll
0x00007ffdaf360000 - 0x00007ffdaf407000 	C:\WINDOWS\System32\msvcrt.dll
0x00007ffdaca10000 - 0x00007ffdacb2b000 	C:\WINDOWS\System32\gdi32full.dll
0x00007ffdac590000 - 0x00007ffdac62a000 	C:\WINDOWS\System32\msvcp_win.dll
0x00007ffdae1a0000 - 0x00007ffdae1d1000 	C:\WINDOWS\System32\IMM32.DLL
0x00007ffd8b8c0000 - 0x00007ffd8b8cc000 	c:\Users\sharanu malipatil\.vscode\extensions\redhat.java-1.55.0-win32-x64\jre\21.0.11-win32-x86_64\bin\vcruntime140_1.dll
0x00007ffd783e0000 - 0x00007ffd7846d000 	c:\Users\sharanu malipatil\.vscode\extensions\redhat.java-1.55.0-win32-x64\jre\21.0.11-win32-x86_64\bin\msvcp140.dll
0x00007ffcac750000 - 0x00007ffcad4f2000 	c:\Users\sharanu malipatil\.vscode\extensions\redhat.java-1.55.0-win32-x64\jre\21.0.11-win32-x86_64\bin\server\jvm.dll
0x00007ffdad320000 - 0x00007ffdad3d1000 	C:\WINDOWS\System32\ADVAPI32.dll
0x00007ffdae0f0000 - 0x00007ffdae198000 	C:\WINDOWS\System32\sechost.dll
0x00007ffdac560000 - 0x00007ffdac588000 	C:\WINDOWS\System32\bcrypt.dll
0x00007ffdadfd0000 - 0x00007ffdae0e8000 	C:\WINDOWS\System32\RPCRT4.dll
0x00007ffdaf1e0000 - 0x00007ffdaf251000 	C:\WINDOWS\System32\WS2_32.dll
0x00007ffdac430000 - 0x00007ffdac47d000 	C:\WINDOWS\SYSTEM32\POWRPROF.dll
0x00007ffda17a0000 - 0x00007ffda17d4000 	C:\WINDOWS\SYSTEM32\WINMM.dll
0x00007ffd9b170000 - 0x00007ffd9b17a000 	C:\WINDOWS\SYSTEM32\VERSION.dll
0x00007ffdac410000 - 0x00007ffdac423000 	C:\WINDOWS\SYSTEM32\UMPDC.dll
0x00007ffdab500000 - 0x00007ffdab518000 	C:\WINDOWS\SYSTEM32\kernel.appcore.dll
0x00007ffd8b8b0000 - 0x00007ffd8b8ba000 	c:\Users\sharanu malipatil\.vscode\extensions\redhat.java-1.55.0-win32-x64\jre\21.0.11-win32-x86_64\bin\jimage.dll
0x00007ffda9c80000 - 0x00007ffda9eb3000 	C:\WINDOWS\SYSTEM32\DBGHELP.DLL
0x00007ffdae6c0000 - 0x00007ffdaea51000 	C:\WINDOWS\System32\combase.dll
0x00007ffdaf100000 - 0x00007ffdaf1d8000 	C:\WINDOWS\System32\OLEAUT32.dll
0x00007ffd9b180000 - 0x00007ffd9b1b2000 	C:\WINDOWS\SYSTEM32\dbgcore.DLL
0x00007ffdacde0000 - 0x00007ffdace5b000 	C:\WINDOWS\System32\bcryptPrimitives.dll
0x00007ffd83530000 - 0x00007ffd8353f000 	c:\Users\sharanu malipatil\.vscode\extensions\redhat.java-1.55.0-win32-x64\jre\21.0.11-win32-x86_64\bin\instrument.dll
0x00007ffd7ca20000 - 0x00007ffd7ca40000 	c:\Users\sharanu malipatil\.vscode\extensions\redhat.java-1.55.0-win32-x64\jre\21.0.11-win32-x86_64\bin\java.dll
0x00007ffdad730000 - 0x00007ffdadfcc000 	C:\WINDOWS\System32\SHELL32.dll
0x00007ffdacca0000 - 0x00007ffdacddf000 	C:\WINDOWS\System32\wintypes.dll
0x00007ffdaa410000 - 0x00007ffdaad2a000 	C:\WINDOWS\SYSTEM32\windows.storage.dll
0x00007ffdad0f0000 - 0x00007ffdad1f4000 	C:\WINDOWS\System32\SHCORE.dll
0x00007ffdad200000 - 0x00007ffdad269000 	C:\WINDOWS\System32\shlwapi.dll
0x00007ffdac490000 - 0x00007ffdac4b5000 	C:\WINDOWS\SYSTEM32\profapi.dll
0x00007ffd7c980000 - 0x00007ffd7c998000 	c:\Users\sharanu malipatil\.vscode\extensions\redhat.java-1.55.0-win32-x64\jre\21.0.11-win32-x86_64\bin\zip.dll
0x00007ffd81e40000 - 0x00007ffd81e50000 	C:\Users\sharanu malipatil\.vscode\extensions\redhat.java-1.55.0-win32-x64\jre\21.0.11-win32-x86_64\bin\net.dll
0x00007ffda7cc0000 - 0x00007ffda7dec000 	C:\WINDOWS\SYSTEM32\WINHTTP.dll
0x00007ffdab9d0000 - 0x00007ffdaba39000 	C:\WINDOWS\system32\mswsock.dll
0x00007ffd7a200000 - 0x00007ffd7a216000 	C:\Users\sharanu malipatil\.vscode\extensions\redhat.java-1.55.0-win32-x64\jre\21.0.11-win32-x86_64\bin\nio.dll
0x00007ffd7e1b0000 - 0x00007ffd7e1c0000 	c:\Users\sharanu malipatil\.vscode\extensions\redhat.java-1.55.0-win32-x64\jre\21.0.11-win32-x86_64\bin\verify.dll
0x00007ffd75c40000 - 0x00007ffd75c85000 	C:\Users\sharanu malipatil\AppData\Roaming\Code\User\globalStorage\redhat.java\1.55.0\config_win\org.eclipse.equinox.launcher\org.eclipse.equinox.launcher.win32.win32.x86_64_1.3.100.v20260613-0559\eclipse_11924.dll
0x00007ffdaef50000 - 0x00007ffdaf0f1000 	C:\WINDOWS\System32\ole32.dll
0x00007ffdabc00000 - 0x00007ffdabc1b000 	C:\WINDOWS\SYSTEM32\CRYPTSP.dll
0x00007ffdab460000 - 0x00007ffdab497000 	C:\WINDOWS\system32\rsaenh.dll
0x00007ffdaba90000 - 0x00007ffdabab8000 	C:\WINDOWS\SYSTEM32\USERENV.dll
0x00007ffdabc20000 - 0x00007ffdabc2c000 	C:\WINDOWS\SYSTEM32\CRYPTBASE.dll
0x00007ffdaaf90000 - 0x00007ffdaafbd000 	C:\WINDOWS\SYSTEM32\IPHLPAPI.DLL
0x00007ffdae550000 - 0x00007ffdae559000 	C:\WINDOWS\System32\NSI.dll
0x00007ffd71a80000 - 0x00007ffd71ac9000 	C:\Users\sharanu malipatil\AppData\Local\Temp\jna-1279361495\jna14128250151104109537.dll
0x00007ffdae5b0000 - 0x00007ffdae5b8000 	C:\WINDOWS\System32\PSAPI.DLL
0x00007ffda5ed0000 - 0x00007ffda5ee9000 	C:\WINDOWS\SYSTEM32\dhcpcsvc6.DLL
0x00007ffda5eb0000 - 0x00007ffda5ecf000 	C:\WINDOWS\SYSTEM32\dhcpcsvc.DLL

JVMTI agents:
c:\Users\sharanu malipatil\.vscode\extensions\redhat.java-1.55.0-win32-x64\lombok\lombok-1.18.39-4050.jar path:c:\Users\sharanu malipatil\.vscode\extensions\redhat.java-1.55.0-win32-x64\jre\21.0.11-win32-x86_64\bin\instrument.dll, loaded, initialized, instrumentlib options:none

dbghelp: loaded successfully - version: 4.0.5 - missing functions: none
symbol engine: initialized successfully - sym options: 0x614 - pdb path: .;c:\Users\sharanu malipatil\.vscode\extensions\redhat.java-1.55.0-win32-x64\jre\21.0.11-win32-x86_64\bin;C:\WINDOWS\SYSTEM32;C:\WINDOWS\WinSxS\amd64_microsoft.windows.common-controls_6595b64144ccf1df_6.0.22621.6060_none_2712eda17382d24b;c:\Users\sharanu malipatil\.vscode\extensions\redhat.java-1.55.0-win32-x64\jre\21.0.11-win32-x86_64\bin\server;C:\Users\sharanu malipatil\AppData\Roaming\Code\User\globalStorage\redhat.java\1.55.0\config_win\org.eclipse.equinox.launcher\org.eclipse.equinox.launcher.win32.win32.x86_64_1.3.100.v20260613-0559;C:\Users\sharanu malipatil\AppData\Local\Temp\jna-1279361495

VM Arguments:
jvm_args: -Duser.timezone=UTC --add-modules=ALL-SYSTEM --add-opens=java.base/java.util=ALL-UNNAMED --add-opens=java.base/java.lang=ALL-UNNAMED --add-opens=java.base/sun.nio.fs=ALL-UNNAMED -Declipse.application=org.eclipse.jdt.ls.core.id1 -Dosgi.bundles.defaultStartLevel=4 -Declipse.product=org.eclipse.jdt.ls.core.product -Djava.import.generatesMetadataFilesAtProjectRoot=false -DDetectVMInstallationsJob.disabled=true -Dfile.encoding=utf8 -XX:+UseParallelGC -XX:GCTimeRatio=4 -XX:AdaptiveSizePolicyWeight=90 -Dsun.zip.disableMemoryMapping=true -Xmx2G -Xms100m -Xlog:disable -javaagent:c:\Users\sharanu malipatil\.vscode\extensions\redhat.java-1.55.0-win32-x64\lombok\lombok-1.18.39-4050.jar -XX:+HeapDumpOnOutOfMemoryError -XX:HeapDumpPath=c:\Users\sharanu malipatil\AppData\Roaming\Code\User\workspaceStorage\481339e1c107559ff6ad87366b34b8b2\redhat.java -Daether.dependencyCollector.impl=bf 
java_command: c:\Users\sharanu malipatil\.vscode\extensions\redhat.java-1.55.0-win32-x64\server\plugins\org.eclipse.equinox.launcher_1.7.200.v20260619-2039.jar -configuration c:\Users\sharanu malipatil\AppData\Roaming\Code\User\globalStorage\redhat.java\1.55.0\config_win -data c:\Users\sharanu malipatil\AppData\Roaming\Code\User\workspaceStorage\481339e1c107559ff6ad87366b34b8b2\redhat.java\jdt_ws --pipe=\\.\pipe\lsp-1782d0321ef50aa5fe0057a67b880694-sock
java_class_path (initial): c:\Users\sharanu malipatil\.vscode\extensions\redhat.java-1.55.0-win32-x64\server\plugins\org.eclipse.equinox.launcher_1.7.200.v20260619-2039.jar
Launcher Type: SUN_STANDARD

[Global flags]
    uintx AdaptiveSizePolicyWeight                 = 90                                        {product} {command line}
     intx CICompilerCount                          = 4                                         {product} {ergonomic}
    uintx GCTimeRatio                              = 4                                         {product} {command line}
     bool HeapDumpOnOutOfMemoryError               = true                                   {manageable} {command line}
    ccstr HeapDumpPath                             = c:\Users\sharanu malipatil\AppData\Roaming\Code\User\workspaceStorage\481339e1c107559ff6ad87366b34b8b2\redhat.java         {manageable} {command line}
   size_t InitialHeapSize                          = 104857600                                 {product} {command line}
   size_t MaxHeapSize                              = 2147483648                                {product} {command line}
   size_t MaxNewSize                               = 715653120                                 {product} {ergonomic}
   size_t MinHeapDeltaBytes                        = 524288                                    {product} {ergonomic}
   size_t MinHeapSize                              = 104857600                                 {product} {command line}
   size_t NewSize                                  = 34603008                                  {product} {ergonomic}
    uintx NonNMethodCodeHeapSize                   = 5839372                                {pd product} {ergonomic}
    uintx NonProfiledCodeHeapSize                  = 122909434                              {pd product} {ergonomic}
   size_t OldSize                                  = 70254592                                  {product} {ergonomic}
    uintx ProfiledCodeHeapSize                     = 122909434                              {pd product} {ergonomic}
    uintx ReservedCodeCacheSize                    = 251658240                              {pd product} {ergonomic}
     bool SegmentedCodeCache                       = true                                      {product} {ergonomic}
   size_t SoftMaxHeapSize                          = 2147483648                             {manageable} {ergonomic}
     bool UseCompressedOops                        = true                           {product lp64_product} {ergonomic}
     bool UseLargePagesIndividualAllocation        = false                                  {pd product} {ergonomic}
     bool UseParallelGC                            = true                                      {product} {command line}

Logging:
Log output configuration:
 #0: stdout all=off uptime,level,tags foldmultilines=false
 #1: stderr all=off uptime,level,tags foldmultilines=false

Release file:
JAVA_VERSION="21.0.11" 
MODULES="java.base java.compiler java.datatransfer java.xml java.prefs java.desktop java.instrument java.logging java.management java.security.sasl java.naming java.rmi java.management.rmi java.net.http java.scripting java.security.jgss java.transaction.xa java.sql java.sql.rowset java.xml.crypto java.se java.smartcardio jdk.accessibility jdk.internal.jvmstat jdk.attach jdk.charsets jdk.internal.opt jdk.zipfs jdk.compiler jdk.crypto.ec jdk.crypto.cryptoki jdk.crypto.mscapi jdk.dynalink jdk.internal.ed jdk.editpad jdk.hotspot.agent jdk.httpserver jdk.internal.le jdk.internal.vm.ci jdk.internal.vm.compiler jdk.internal.vm.compiler.management jdk.jartool jdk.javadoc jdk.jcmd jdk.management jdk.management.agent jdk.jconsole jdk.jdeps jdk.jdwp.agent jdk.jdi jdk.jfr jdk.jshell jdk.jsobject jdk.jstatd jdk.localedata jdk.management.jfr jdk.naming.dns jdk.naming.rmi jdk.net jdk.nio.mapmode jdk.random jdk.sctp jdk.security.auth jdk.security.jgss jdk.unsupported jdk.unsupported.desktop jdk.xml.dom" 

Environment Variables:
JAVA_HOME=C:\Program Files\Eclipse Adoptium\jdk-17.0.12.7-hotspot\
JAVA_TOOL_OPTIONS=-Duser.timezone=UTC
PATH=C:\Users\sharanu malipatil\Downloads\Downloads;C:\Users\sharanu malipatil\Downloads\apache-maven-3.9.11-bin\apache-maven-3.9.11\bin;C:\Program Files\Common Files\Oracle\Java\javapath;C:\Program Files\Eclipse Adoptium\jdk-17.0.12.7-hotspot\bin;C:\WINDOWS\system32;C:\WINDOWS;C:\WINDOWS\System32\Wbem;C:\WINDOWS\System32\WindowsPowerShell\v1.0\;C:\WINDOWS\System32\OpenSSH\;C:\Program Files\dotnet\;C:\Program Files\Git\cmd;C:\ProgramData\chocolatey\bin;C:\Users\sharanu malipatil\AppData\Local\Programs\Python\Python313\Scripts\;C:\Users\sharanu malipatil\AppData\Local\Programs\Python\Python313\;C:\Users\sharanu malipatil\AppData\Local\Programs\Python\Launcher\;C:\Program Files\MySQL\MySQL Shell 8.0\bin\;C:\Users\sharanu malipatil\AppData\Local\Microsoft\WindowsApps;C:\Users\sharanu malipatil\AppData\Local\Programs\Microsoft VS Code\bin;C:\Users\sharanu malipatil\AppData\Local\GitHubDesktop\bin;C:\Users\sharanu malipatil\AppData\Local\Programs\mongosh\;C:\Program Files\JetBrains\IntelliJ IDEA Community Edition 2025.1.2\bin;C:\Program Files\Docker\Docker\resources\bin;C:\Program Files\nodejs\;C:\Users\sharanu malipatil\Downloads\apache-maven-3.9.11-bin\apache-maven-3.9.11\bin;C:\Program Files\Common Files\Oracle\Java\javapath;C:\Program Files\Eclipse Adoptium\jdk-17.0.12.7-hotspot\bin;C:\WINDOWS\system32;C:\WINDOWS;C:\WINDOWS\System32\Wbem;C:\WINDOWS\System32\WindowsPowerShell\v1.0\;C:\WINDOWS\System32\OpenSSH\;C:\Program Files\dotnet\;C:\Program Files\Git\cmd;C:\ProgramData\chocolatey\bin;C:\Users\sharanu malipatil\AppData\Local\Programs\Python\Python313\Scripts\;C:\Users\sharanu malipatil\AppData\Local\Programs\Python\Python313\;C:\Users\sharanu malipatil\AppData\Local\Programs\Python\Launcher\;C:\Program Files\MySQL\MySQL Shell 8.0\bin\;C:\Users\sharanu malipatil\AppData\Local\Microsoft\WindowsApps;C:\Users\sharanu malipatil\AppData\Local\Programs\Microsoft VS Code\bin;C:\Users\sharanu malipatil\AppData\Local\GitHubDesktop\bin;C:\Users\sharanu malipatil\AppData\Local\Programs\mongosh\;C:\Program Files\JetBrains\IntelliJ IDEA Community Edition 2025.1.2\bin;C:\Program Files\Docker\Docker\resource;C:\Users\sharanu malipatil\AppData\Local\Programs\Windsurf\bin;C:\Users\sharanu malipatil\AppData\Roaming\npm
USERNAME=sharanu malipatil
OS=Windows_NT
PROCESSOR_IDENTIFIER=Intel64 Family 6 Model 154 Stepping 4, GenuineIntel
TMP=C:\Users\SHARAN~1\AppData\Local\Temp
TEMP=C:\Users\SHARAN~1\AppData\Local\Temp




Periodic native trim disabled

---------------  S Y S T E M  ---------------

OS:
 Windows 11 , 64 bit Build 22621 (10.0.22621.5415)
OS uptime: 1 days 6:24 hours
Hyper-V role detected

CPU: total 8 (initial active 8) (4 cores per cpu, 2 threads per core) family 6 model 154 stepping 4 microcode 0x41b, cx8, cmov, fxsr, ht, mmx, 3dnowpref, sse, sse2, sse3, ssse3, sse4.1, sse4.2, popcnt, lzcnt, tsc, tscinvbit, avx, avx2, aes, erms, clmul, bmi1, bmi2, adx, sha, fma, vzeroupper, clflush, clflushopt, clwb, hv, serialize, rdtscp, rdpid, fsrm, f16c, cet_ibt, cet_ss
Processor Information for processor 0
  Max Mhz: 1200, Current Mhz: 1200, Mhz Limit: 1200
Processor Information for processor 1
  Max Mhz: 1200, Current Mhz: 1200, Mhz Limit: 1200
Processor Information for processor 2
  Max Mhz: 1200, Current Mhz: 1200, Mhz Limit: 1200
Processor Information for processor 3
  Max Mhz: 1200, Current Mhz: 1200, Mhz Limit: 1200
Processor Information for processor 4
  Max Mhz: 1200, Current Mhz: 900, Mhz Limit: 900
Processor Information for processor 5
  Max Mhz: 1200, Current Mhz: 900, Mhz Limit: 900
Processor Information for processor 6
  Max Mhz: 1200, Current Mhz: 900, Mhz Limit: 900
Processor Information for processor 7
  Max Mhz: 1200, Current Mhz: 900, Mhz Limit: 900

Memory: 4k page, system-wide physical 7936M (607M free)
TotalPageFile size 32512M (AvailPageFile size 2M)
current process WorkingSet (physical memory assigned to process): 692M, peak: 703M
current process commit charge ("private bytes"): 979M, peak: 1705M

vm_info: OpenJDK 64-Bit Server VM (21.0.11+10-LTS) for windows-amd64 JRE (21.0.11+10-LTS), built on 2026-04-21T00:00:00Z by "admin" with MS VC++ 17.12 (VS2022)

END.
